2025-02-04T09:17:57.650+05:30  INFO 7820 --- [teams] [restartedMain] com.cts.teams.TeamsApplication           : Starting TeamsApplication using Java 21.0.5 with PID 7820 (C:\Users\2380232\git\repository4\teams\target\classes started by 2380232 in C:\Users\2380232\git\repository4\teams)
2025-02-04T09:17:57.656+05:30  INFO 7820 --- [teams] [restartedMain] com.cts.teams.TeamsApplication           : No active profile set, falling back to 1 default profile: "default"
2025-02-04T09:17:57.705+05:30  INFO 7820 --- [teams] [restartedMain] o.s.c.c.c.ConfigServerConfigDataLoader   : Fetching config from server at : http://localhost:1233
2025-02-04T09:17:57.705+05:30  INFO 7820 --- [teams] [restartedMain] o.s.c.c.c.ConfigServerConfigDataLoader   : Located environment: name=teams, profiles=[default], label=null, version=19552b7ef0c70f11bc79cda7ec3614cba70fefbf, state=
2025-02-04T09:17:57.708+05:30  INFO 7820 --- [teams] [restartedMain] .e.DevToolsPropertyDefaultsPostProcessor : Devtools property defaults active! Set 'spring.devtools.add-properties' to 'false' to disable
2025-02-04T09:17:57.708+05:30  INFO 7820 --- [teams] [restartedMain] .e.DevToolsPropertyDefaultsPostProcessor : For additional web related logging consider setting the 'logging.level.web' property to 'DEBUG'
2025-02-04T09:17:58.477+05:30  INFO 7820 --- [teams] [restartedMain] .s.d.r.c.RepositoryConfigurationDelegate : Bootstrapping Spring Data JPA repositories in DEFAULT mode.
2025-02-04T09:17:58.587+05:30  INFO 7820 --- [teams] [restartedMain] .s.d.r.c.RepositoryConfigurationDelegate : Finished Spring Data repository scanning in 101 ms. Found 1 JPA repository interface.
2025-02-04T09:17:58.787+05:30  INFO 7820 --- [teams] [restartedMain] o.s.cloud.context.scope.GenericScope     : BeanFactory id=ebe87096-f1f9-3e78-8458-3e3579abc5a0
2025-02-04T09:17:59.286+05:30  INFO 7820 --- [teams] [restartedMain] o.s.b.w.embedded.tomcat.TomcatWebServer  : Tomcat initialized with port 8086 (http)
2025-02-04T09:17:59.298+05:30  INFO 7820 --- [teams] [restartedMain] o.apache.catalina.core.StandardService   : Starting service [Tomcat]
2025-02-04T09:17:59.299+05:30  INFO 7820 --- [teams] [restartedMain] o.apache.catalina.core.StandardEngine    : Starting Servlet engine: [Apache Tomcat/10.1.34]
2025-02-04T09:17:59.354+05:30  INFO 7820 --- [teams] [restartedMain] o.a.c.c.C.[Tomcat].[localhost].[/]       : Initializing Spring embedded WebApplicationContext
2025-02-04T09:17:59.355+05:30  INFO 7820 --- [teams] [restartedMain] w.s.c.ServletWebServerApplicationContext : Root WebApplicationContext: initialization completed in 1646 ms
2025-02-04T09:17:59.498+05:30  INFO 7820 --- [teams] [restartedMain] o.hibernate.jpa.internal.util.LogHelper  : HHH000204: Processing PersistenceUnitInfo [name: default]
2025-02-04T09:17:59.561+05:30  INFO 7820 --- [teams] [restartedMain] org.hibernate.Version                    : HHH000412: Hibernate ORM core version 6.6.5.Final
2025-02-04T09:17:59.592+05:30  INFO 7820 --- [teams] [restartedMain] o.h.c.internal.RegionFactoryInitiator    : HHH000026: Second-level cache disabled
2025-02-04T09:17:59.837+05:30  INFO 7820 --- [teams] [restartedMain] o.s.o.j.p.SpringPersistenceUnitInfo      : No LoadTimeWeaver setup: ignoring JPA class transformer
2025-02-04T09:17:59.875+05:30  INFO 7820 --- [teams] [restartedMain] com.zaxxer.hikari.HikariDataSource       : HikariPool-1 - Starting...
2025-02-04T09:18:00.151+05:30  INFO 7820 --- [teams] [restartedMain] com.zaxxer.hikari.pool.HikariPool        : HikariPool-1 - Added connection com.mysql.cj.jdbc.ConnectionImpl@f27a26e
2025-02-04T09:18:00.152+05:30  INFO 7820 --- [teams] [restartedMain] com.zaxxer.hikari.HikariDataSource       : HikariPool-1 - Start completed.
2025-02-04T09:18:00.227+05:30  INFO 7820 --- [teams] [restartedMain] org.hibernate.orm.connections.pooling    : HHH10001005: Database info:
	Database JDBC URL [Connecting through datasource 'HikariDataSource (HikariPool-1)']
	Database driver: undefined/unknown
	Database version: 8.0.40
	Autocommit mode: undefined/unknown
	Isolation level: undefined/unknown
	Minimum pool size: undefined/unknown
	Maximum pool size: undefined/unknown
2025-02-04T09:18:01.011+05:30  INFO 7820 --- [teams] [restartedMain] o.h.e.t.j.p.i.JtaPlatformInitiator       : HHH000489: No JTA platform available (set 'hibernate.transaction.jta.platform' to enable JTA platform integration)
2025-02-04T09:18:01.105+05:30  INFO 7820 --- [teams] [restartedMain] j.LocalContainerEntityManagerFactoryBean : Initialized JPA EntityManagerFactory for persistence unit 'default'
2025-02-04T09:18:01.421+05:30  WARN 7820 --- [teams] [restartedMain] JpaBaseConfiguration$JpaWebConfiguration : spring.jpa.open-in-view is enabled by default. Therefore, database queries may be performed during view rendering. Explicitly configure spring.jpa.open-in-view to disable this warning
2025-02-04T09:18:01.863+05:30  INFO 7820 --- [teams] [restartedMain] o.s.b.d.a.OptionalLiveReloadServer       : LiveReload server is running on port 35729
2025-02-04T09:18:01.906+05:30  INFO 7820 --- [teams] [restartedMain] DiscoveryClientOptionalArgsConfiguration : Eureka HTTP Client uses RestTemplate.
2025-02-04T09:18:01.946+05:30  WARN 7820 --- [teams] [restartedMain] iguration$LoadBalancerCaffeineWarnLogger : Spring Cloud LoadBalancer is currently working with the default cache. While this cache implementation is useful for development and tests, it's recommended to use Caffeine cache in production.You can switch to using Caffeine cache, by adding it and org.springframework.cache.caffeine.CaffeineCacheManager to the classpath.
2025-02-04T09:18:02.003+05:30  INFO 7820 --- [teams] [restartedMain] o.s.c.n.eureka.InstanceInfoFactory       : Setting initial instance status as: STARTING
2025-02-04T09:18:02.020+05:30  INFO 7820 --- [teams] [restartedMain] com.netflix.discovery.DiscoveryClient    : Initializing Eureka in region us-east-1
2025-02-04T09:18:02.023+05:30  INFO 7820 --- [teams] [restartedMain] c.n.d.s.r.aws.ConfigClusterResolver      : Resolving eureka endpoints via configuration
2025-02-04T09:18:02.029+05:30  INFO 7820 --- [teams] [restartedMain] com.netflix.discovery.DiscoveryClient    : Disable delta property : false
2025-02-04T09:18:02.029+05:30  INFO 7820 --- [teams] [restartedMain] com.netflix.discovery.DiscoveryClient    : Single vip registry refresh property : null
2025-02-04T09:18:02.030+05:30  INFO 7820 --- [teams] [restartedMain] com.netflix.discovery.DiscoveryClient    : Force full registry fetch : false
2025-02-04T09:18:02.030+05:30  INFO 7820 --- [teams] [restartedMain] com.netflix.discovery.DiscoveryClient    : Application is null : false
2025-02-04T09:18:02.030+05:30  INFO 7820 --- [teams] [restartedMain] com.netflix.discovery.DiscoveryClient    : Registered Applications size is zero : true
2025-02-04T09:18:02.030+05:30  INFO 7820 --- [teams] [restartedMain] com.netflix.discovery.DiscoveryClient    : Application version is -1: true
2025-02-04T09:18:02.030+05:30  INFO 7820 --- [teams] [restartedMain] com.netflix.discovery.DiscoveryClient    : Getting all instance registry info from the eureka server
2025-02-04T09:18:02.215+05:30  INFO 7820 --- [teams] [restartedMain] c.n.d.s.t.d.RedirectingEurekaHttpClient  : Request execution error. endpoint=DefaultEndpoint{ serviceUrl='http://localhost:8761/eureka/}, exception=I/O error on GET request for "http://localhost:8761/eureka/apps/": Connect to http://localhost:8761 [localhost/127.0.0.1, localhost/0:0:0:0:0:0:0:1] failed: Connection refused: getsockopt stacktrace=org.springframework.web.client.ResourceAccessException: I/O error on GET request for "http://localhost:8761/eureka/apps/": Connect to http://localhost:8761 [localhost/127.0.0.1, localhost/0:0:0:0:0:0:0:1] failed: Connection refused: getsockopt
	at org.springframework.web.client.RestTemplate.createResourceAccessException(RestTemplate.java:926)
	at org.springframework.web.client.RestTemplate.doExecute(RestTemplate.java:906)
	at org.springframework.web.client.RestTemplate.execute(RestTemplate.java:841)
	at org.springframework.web.client.RestTemplate.exchange(RestTemplate.java:702)
	at org.springframework.cloud.netflix.eureka.http.RestTemplateEurekaHttpClient.getApplicationsInternal(RestTemplateEurekaHttpClient.java:174)
	at org.springframework.cloud.netflix.eureka.http.RestTemplateEurekaHttpClient.getApplications(RestTemplateEurekaHttpClient.java:162)
	at com.netflix.discovery.shared.transport.decorator.EurekaHttpClientDecorator$6.execute(EurekaHttpClientDecorator.java:137)
	at com.netflix.discovery.shared.transport.decorator.RedirectingEurekaHttpClient.executeOnNewServer(RedirectingEurekaHttpClient.java:121)
	at com.netflix.discovery.shared.transport.decorator.RedirectingEurekaHttpClient.execute(RedirectingEurekaHttpClient.java:80)
	at com.netflix.discovery.shared.transport.decorator.EurekaHttpClientDecorator.getApplications(EurekaHttpClientDecorator.java:134)
	at com.netflix.discovery.shared.transport.decorator.EurekaHttpClientDecorator$6.execute(EurekaHttpClientDecorator.java:137)
	at com.netflix.discovery.shared.transport.decorator.RetryableEurekaHttpClient.execute(RetryableEurekaHttpClient.java:120)
	at com.netflix.discovery.shared.transport.decorator.EurekaHttpClientDecorator.getApplications(EurekaHttpClientDecorator.java:134)
	at com.netflix.discovery.shared.transport.decorator.EurekaHttpClientDecorator$6.execute(EurekaHttpClientDecorator.java:137)
	at com.netflix.discovery.shared.transport.decorator.SessionedEurekaHttpClient.execute(SessionedEurekaHttpClient.java:76)
	at com.netflix.discovery.shared.transport.decorator.EurekaHttpClientDecorator.getApplications(EurekaHttpClientDecorator.java:134)
	at com.netflix.discovery.DiscoveryClient.getAndStoreFullRegistry(DiscoveryClient.java:1046)
	at com.netflix.discovery.DiscoveryClient.fetchRegistry(DiscoveryClient.java:961)
	at com.netflix.discovery.DiscoveryClient.<init>(DiscoveryClient.java:410)
	at com.netflix.discovery.DiscoveryClient.<init>(DiscoveryClient.java:245)
	at com.netflix.discovery.DiscoveryClient.<init>(DiscoveryClient.java:240)
	at org.springframework.cloud.netflix.eureka.CloudEurekaClient.<init>(CloudEurekaClient.java:68)
	at org.springframework.cloud.netflix.eureka.EurekaClientAutoConfiguration$RefreshableEurekaClientConfiguration.eurekaClient(EurekaClientAutoConfiguration.java:324)
	at java.base/jdk.internal.reflect.DirectMethodHandleAccessor.invoke(DirectMethodHandleAccessor.java:103)
	at java.base/java.lang.reflect.Method.invoke(Method.java:580)
	at org.springframework.beans.factory.support.SimpleInstantiationStrategy.lambda$instantiate$0(SimpleInstantiationStrategy.java:171)
	at org.springframework.beans.factory.support.SimpleInstantiationStrategy.instantiateWithFactoryMethod(SimpleInstantiationStrategy.java:88)
	at org.springframework.beans.factory.support.SimpleInstantiationStrategy.instantiate(SimpleInstantiationStrategy.java:168)
	at org.springframework.beans.factory.support.ConstructorResolver.instantiate(ConstructorResolver.java:653)
	at org.springframework.beans.factory.support.ConstructorResolver.instantiateUsingFactoryMethod(ConstructorResolver.java:645)
	at org.springframework.beans.factory.support.AbstractAutowireCapableBeanFactory.instantiateUsingFactoryMethod(AbstractAutowireCapableBeanFactory.java:1361)
	at org.springframework.beans.factory.support.AbstractAutowireCapableBeanFactory.createBeanInstance(AbstractAutowireCapableBeanFactory.java:1191)
	at org.springframework.beans.factory.support.AbstractAutowireCapableBeanFactory.doCreateBean(AbstractAutowireCapableBeanFactory.java:563)
	at org.springframework.beans.factory.support.AbstractAutowireCapableBeanFactory.createBean(AbstractAutowireCapableBeanFactory.java:523)
	at org.springframework.beans.factory.support.AbstractBeanFactory.lambda$doGetBean$1(AbstractBeanFactory.java:375)
	at org.springframework.cloud.context.scope.GenericScope$BeanLifecycleWrapper.getBean(GenericScope.java:375)
	at org.springframework.cloud.context.scope.GenericScope.get(GenericScope.java:179)
	at org.springframework.beans.factory.support.AbstractBeanFactory.doGetBean(AbstractBeanFactory.java:372)
	at org.springframework.beans.factory.support.AbstractBeanFactory.getBean(AbstractBeanFactory.java:199)
	at org.springframework.aop.target.SimpleBeanTargetSource.getTarget(SimpleBeanTargetSource.java:35)
	at org.springframework.cloud.netflix.eureka.serviceregistry.EurekaRegistration.getTargetObject(EurekaRegistration.java:128)
	at org.springframework.cloud.netflix.eureka.serviceregistry.EurekaRegistration.getEurekaClient(EurekaRegistration.java:116)
	at java.base/jdk.internal.reflect.DirectMethodHandleAccessor.invoke(DirectMethodHandleAccessor.java:103)
	at java.base/java.lang.reflect.Method.invoke(Method.java:580)
	at org.springframework.util.ReflectionUtils.invokeMethod(ReflectionUtils.java:281)
	at org.springframework.cloud.context.scope.GenericScope$LockedScopedProxyFactoryBean.invoke(GenericScope.java:482)
	at org.springframework.aop.framework.ReflectiveMethodInvocation.proceed(ReflectiveMethodInvocation.java:184)
	at org.springframework.aop.framework.CglibAopProxy$DynamicAdvisedInterceptor.intercept(CglibAopProxy.java:727)
	at org.springframework.cloud.netflix.eureka.serviceregistry.EurekaRegistration$$SpringCGLIB$$0.getEurekaClient(<generated>)
	at org.springframework.cloud.netflix.eureka.serviceregistry.EurekaServiceRegistry.maybeInitializeClient(EurekaServiceRegistry.java:83)
	at org.springframework.cloud.netflix.eureka.serviceregistry.EurekaServiceRegistry.register(EurekaServiceRegistry.java:66)
	at org.springframework.cloud.netflix.eureka.serviceregistry.EurekaAutoServiceRegistration.start(EurekaAutoServiceRegistration.java:89)
	at org.springframework.context.support.DefaultLifecycleProcessor.doStart(DefaultLifecycleProcessor.java:323)
	at org.springframework.context.support.DefaultLifecycleProcessor$LifecycleGroup.start(DefaultLifecycleProcessor.java:510)
	at java.base/java.lang.Iterable.forEach(Iterable.java:75)
	at org.springframework.context.support.DefaultLifecycleProcessor.startBeans(DefaultLifecycleProcessor.java:295)
	at org.springframework.context.support.DefaultLifecycleProcessor.onRefresh(DefaultLifecycleProcessor.java:240)
	at org.springframework.context.support.AbstractApplicationContext.finishRefresh(AbstractApplicationContext.java:1006)
	at org.springframework.context.support.AbstractApplicationContext.refresh(AbstractApplicationContext.java:630)
	at org.springframework.boot.web.servlet.context.ServletWebServerApplicationContext.refresh(ServletWebServerApplicationContext.java:146)
	at org.springframework.boot.SpringApplication.refresh(SpringApplication.java:752)
	at org.springframework.boot.SpringApplication.refreshContext(SpringApplication.java:439)
	at org.springframework.boot.SpringApplication.run(SpringApplication.java:318)
	at org.springframework.boot.SpringApplication.run(SpringApplication.java:1361)
	at org.springframework.boot.SpringApplication.run(SpringApplication.java:1350)
	at com.cts.teams.TeamsApplication.main(TeamsApplication.java:14)
	at java.base/jdk.internal.reflect.DirectMethodHandleAccessor.invoke(DirectMethodHandleAccessor.java:103)
	at java.base/java.lang.reflect.Method.invoke(Method.java:580)
	at org.springframework.boot.devtools.restart.RestartLauncher.run(RestartLauncher.java:50)
Caused by: org.apache.hc.client5.http.HttpHostConnectException: Connect to http://localhost:8761 [localhost/127.0.0.1, localhost/0:0:0:0:0:0:0:1] failed: Connection refused: getsockopt
	at java.base/sun.nio.ch.Net.pollConnect(Native Method)
	at java.base/sun.nio.ch.Net.pollConnectNow(Net.java:682)
	at java.base/sun.nio.ch.NioSocketImpl.timedFinishConnect(NioSocketImpl.java:542)
	at java.base/sun.nio.ch.NioSocketImpl.connect(NioSocketImpl.java:592)
	at java.base/java.net.SocksSocketImpl.connect(SocksSocketImpl.java:327)
	at java.base/java.net.Socket.connect(Socket.java:751)
	at org.apache.hc.client5.http.impl.io.DefaultHttpClientConnectionOperator.connect(DefaultHttpClientConnectionOperator.java:216)
	at org.apache.hc.client5.http.impl.io.PoolingHttpClientConnectionManager.connect(PoolingHttpClientConnectionManager.java:490)
	at org.apache.hc.client5.http.impl.classic.InternalExecRuntime.connectEndpoint(InternalExecRuntime.java:164)
	at org.apache.hc.client5.http.impl.classic.InternalExecRuntime.connectEndpoint(InternalExecRuntime.java:174)
	at org.apache.hc.client5.http.impl.classic.ConnectExec.execute(ConnectExec.java:144)
	at org.apache.hc.client5.http.impl.classic.ExecChainElement.execute(ExecChainElement.java:51)
	at org.apache.hc.client5.http.impl.classic.ProtocolExec.execute(ProtocolExec.java:192)
	at org.apache.hc.client5.http.impl.classic.ExecChainElement.execute(ExecChainElement.java:51)
	at org.apache.hc.client5.http.impl.classic.ContentCompressionExec.execute(ContentCompressionExec.java:150)
	at org.apache.hc.client5.http.impl.classic.ExecChainElement.execute(ExecChainElement.java:51)
	at org.apache.hc.client5.http.impl.classic.HttpRequestRetryExec.execute(HttpRequestRetryExec.java:113)
	at org.apache.hc.client5.http.impl.classic.ExecChainElement.execute(ExecChainElement.java:51)
	at org.apache.hc.client5.http.impl.classic.RedirectExec.execute(RedirectExec.java:110)
	at org.apache.hc.client5.http.impl.classic.ExecChainElement.execute(ExecChainElement.java:51)
	at org.apache.hc.client5.http.impl.classic.InternalHttpClient.doExecute(InternalHttpClient.java:174)
	at org.apache.hc.client5.http.impl.classic.CloseableHttpClient.execute(CloseableHttpClient.java:87)
	at org.apache.hc.client5.http.impl.classic.CloseableHttpClient.execute(CloseableHttpClient.java:55)
	at org.apache.hc.client5.http.classic.HttpClient.executeOpen(HttpClient.java:183)
	at org.springframework.http.client.HttpComponentsClientHttpRequest.executeInternal(HttpComponentsClientHttpRequest.java:99)
	at org.springframework.http.client.AbstractStreamingClientHttpRequest.executeInternal(AbstractStreamingClientHttpRequest.java:71)
	at org.springframework.http.client.AbstractClientHttpRequest.execute(AbstractClientHttpRequest.java:81)
	at org.springframework.http.client.InterceptingClientHttpRequest$InterceptingRequestExecution.execute(InterceptingClientHttpRequest.java:117)
	at org.springframework.cloud.netflix.eureka.http.RestTemplateTransportClientFactory.lambda$restTemplate$3(RestTemplateTransportClientFactory.java:141)
	at org.springframework.http.client.InterceptingClientHttpRequest$InterceptingRequestExecution.execute(InterceptingClientHttpRequest.java:88)
	at org.springframework.http.client.InterceptingClientHttpRequest.executeInternal(InterceptingClientHttpRequest.java:72)
	at org.springframework.http.client.AbstractBufferingClientHttpRequest.executeInternal(AbstractBufferingClientHttpRequest.java:48)
	at org.springframework.http.client.AbstractClientHttpRequest.execute(AbstractClientHttpRequest.java:81)
	at org.springframework.web.client.RestTemplate.doExecute(RestTemplate.java:900)
	... 67 more

2025-02-04T09:18:02.215+05:30  WARN 7820 --- [teams] [restartedMain] c.n.d.s.t.d.RetryableEurekaHttpClient    : Request execution failed with message: I/O error on GET request for "http://localhost:8761/eureka/apps/": Connect to http://localhost:8761 [localhost/127.0.0.1, localhost/0:0:0:0:0:0:0:1] failed: Connection refused: getsockopt
2025-02-04T09:18:02.216+05:30  INFO 7820 --- [teams] [restartedMain] com.netflix.discovery.DiscoveryClient    : DiscoveryClient_TEAMS/LTIN564398.cts.com:teams:8086 - was unable to refresh its cache! This periodic background refresh will be retried in 30 seconds. status = Cannot execute request on any known server stacktrace = com.netflix.discovery.shared.transport.TransportException: Cannot execute request on any known server
	at com.netflix.discovery.shared.transport.decorator.RetryableEurekaHttpClient.execute(RetryableEurekaHttpClient.java:112)
	at com.netflix.discovery.shared.transport.decorator.EurekaHttpClientDecorator.getApplications(EurekaHttpClientDecorator.java:134)
	at com.netflix.discovery.shared.transport.decorator.EurekaHttpClientDecorator$6.execute(EurekaHttpClientDecorator.java:137)
	at com.netflix.discovery.shared.transport.decorator.SessionedEurekaHttpClient.execute(SessionedEurekaHttpClient.java:76)
	at com.netflix.discovery.shared.transport.decorator.EurekaHttpClientDecorator.getApplications(EurekaHttpClientDecorator.java:134)
	at com.netflix.discovery.DiscoveryClient.getAndStoreFullRegistry(DiscoveryClient.java:1046)
	at com.netflix.discovery.DiscoveryClient.fetchRegistry(DiscoveryClient.java:961)
	at com.netflix.discovery.DiscoveryClient.<init>(DiscoveryClient.java:410)
	at com.netflix.discovery.DiscoveryClient.<init>(DiscoveryClient.java:245)
	at com.netflix.discovery.DiscoveryClient.<init>(DiscoveryClient.java:240)
	at org.springframework.cloud.netflix.eureka.CloudEurekaClient.<init>(CloudEurekaClient.java:68)
	at org.springframework.cloud.netflix.eureka.EurekaClientAutoConfiguration$RefreshableEurekaClientConfiguration.eurekaClient(EurekaClientAutoConfiguration.java:324)
	at java.base/jdk.internal.reflect.DirectMethodHandleAccessor.invoke(DirectMethodHandleAccessor.java:103)
	at java.base/java.lang.reflect.Method.invoke(Method.java:580)
	at org.springframework.beans.factory.support.SimpleInstantiationStrategy.lambda$instantiate$0(SimpleInstantiationStrategy.java:171)
	at org.springframework.beans.factory.support.SimpleInstantiationStrategy.instantiateWithFactoryMethod(SimpleInstantiationStrategy.java:88)
	at org.springframework.beans.factory.support.SimpleInstantiationStrategy.instantiate(SimpleInstantiationStrategy.java:168)
	at org.springframework.beans.factory.support.ConstructorResolver.instantiate(ConstructorResolver.java:653)
	at org.springframework.beans.factory.support.ConstructorResolver.instantiateUsingFactoryMethod(ConstructorResolver.java:645)
	at org.springframework.beans.factory.support.AbstractAutowireCapableBeanFactory.instantiateUsingFactoryMethod(AbstractAutowireCapableBeanFactory.java:1361)
	at org.springframework.beans.factory.support.AbstractAutowireCapableBeanFactory.createBeanInstance(AbstractAutowireCapableBeanFactory.java:1191)
	at org.springframework.beans.factory.support.AbstractAutowireCapableBeanFactory.doCreateBean(AbstractAutowireCapableBeanFactory.java:563)
	at org.springframework.beans.factory.support.AbstractAutowireCapableBeanFactory.createBean(AbstractAutowireCapableBeanFactory.java:523)
	at org.springframework.beans.factory.support.AbstractBeanFactory.lambda$doGetBean$1(AbstractBeanFactory.java:375)
	at org.springframework.cloud.context.scope.GenericScope$BeanLifecycleWrapper.getBean(GenericScope.java:375)
	at org.springframework.cloud.context.scope.GenericScope.get(GenericScope.java:179)
	at org.springframework.beans.factory.support.AbstractBeanFactory.doGetBean(AbstractBeanFactory.java:372)
	at org.springframework.beans.factory.support.AbstractBeanFactory.getBean(AbstractBeanFactory.java:199)
	at org.springframework.aop.target.SimpleBeanTargetSource.getTarget(SimpleBeanTargetSource.java:35)
	at org.springframework.cloud.netflix.eureka.serviceregistry.EurekaRegistration.getTargetObject(EurekaRegistration.java:128)
	at org.springframework.cloud.netflix.eureka.serviceregistry.EurekaRegistration.getEurekaClient(EurekaRegistration.java:116)
	at java.base/jdk.internal.reflect.DirectMethodHandleAccessor.invoke(DirectMethodHandleAccessor.java:103)
	at java.base/java.lang.reflect.Method.invoke(Method.java:580)
	at org.springframework.util.ReflectionUtils.invokeMethod(ReflectionUtils.java:281)
	at org.springframework.cloud.context.scope.GenericScope$LockedScopedProxyFactoryBean.invoke(GenericScope.java:482)
	at org.springframework.aop.framework.ReflectiveMethodInvocation.proceed(ReflectiveMethodInvocation.java:184)
	at org.springframework.aop.framework.CglibAopProxy$DynamicAdvisedInterceptor.intercept(CglibAopProxy.java:727)
	at org.springframework.cloud.netflix.eureka.serviceregistry.EurekaRegistration$$SpringCGLIB$$0.getEurekaClient(<generated>)
	at org.springframework.cloud.netflix.eureka.serviceregistry.EurekaServiceRegistry.maybeInitializeClient(EurekaServiceRegistry.java:83)
	at org.springframework.cloud.netflix.eureka.serviceregistry.EurekaServiceRegistry.register(EurekaServiceRegistry.java:66)
	at org.springframework.cloud.netflix.eureka.serviceregistry.EurekaAutoServiceRegistration.start(EurekaAutoServiceRegistration.java:89)
	at org.springframework.context.support.DefaultLifecycleProcessor.doStart(DefaultLifecycleProcessor.java:323)
	at org.springframework.context.support.DefaultLifecycleProcessor$LifecycleGroup.start(DefaultLifecycleProcessor.java:510)
	at java.base/java.lang.Iterable.forEach(Iterable.java:75)
	at org.springframework.context.support.DefaultLifecycleProcessor.startBeans(DefaultLifecycleProcessor.java:295)
	at org.springframework.context.support.DefaultLifecycleProcessor.onRefresh(DefaultLifecycleProcessor.java:240)
	at org.springframework.context.support.AbstractApplicationContext.finishRefresh(AbstractApplicationContext.java:1006)
	at org.springframework.context.support.AbstractApplicationContext.refresh(AbstractApplicationContext.java:630)
	at org.springframework.boot.web.servlet.context.ServletWebServerApplicationContext.refresh(ServletWebServerApplicationContext.java:146)
	at org.springframework.boot.SpringApplication.refresh(SpringApplication.java:752)
	at org.springframework.boot.SpringApplication.refreshContext(SpringApplication.java:439)
	at org.springframework.boot.SpringApplication.run(SpringApplication.java:318)
	at org.springframework.boot.SpringApplication.run(SpringApplication.java:1361)
	at org.springframework.boot.SpringApplication.run(SpringApplication.java:1350)
	at com.cts.teams.TeamsApplication.main(TeamsApplication.java:14)
	at java.base/jdk.internal.reflect.DirectMethodHandleAccessor.invoke(DirectMethodHandleAccessor.java:103)
	at java.base/java.lang.reflect.Method.invoke(Method.java:580)
	at org.springframework.boot.devtools.restart.RestartLauncher.run(RestartLauncher.java:50)

2025-02-04T09:18:02.216+05:30  INFO 7820 --- [teams] [restartedMain] com.netflix.discovery.DiscoveryClient    : Initial registry fetch from primary servers failed
2025-02-04T09:18:02.216+05:30  WARN 7820 --- [teams] [restartedMain] com.netflix.discovery.DiscoveryClient    : Using default backup registry implementation which does not do anything.
2025-02-04T09:18:02.218+05:30  INFO 7820 --- [teams] [restartedMain] com.netflix.discovery.DiscoveryClient    : Initial registry fetch from backup servers failed
2025-02-04T09:18:02.219+05:30  INFO 7820 --- [teams] [restartedMain] com.netflix.discovery.DiscoveryClient    : Starting heartbeat executor: renew interval is: 30
2025-02-04T09:18:02.221+05:30  INFO 7820 --- [teams] [restartedMain] c.n.discovery.InstanceInfoReplicator     : InstanceInfoReplicator onDemand update allowed rate per min is 4
2025-02-04T09:18:02.222+05:30  INFO 7820 --- [teams] [restartedMain] com.netflix.discovery.DiscoveryClient    : Discovery Client initialized at timestamp 1738640882222 with initial instances count: 0
2025-02-04T09:18:02.225+05:30  INFO 7820 --- [teams] [restartedMain] o.s.c.n.e.s.EurekaServiceRegistry        : Registering application TEAMS with eureka with status UP
2025-02-04T09:18:02.225+05:30  INFO 7820 --- [teams] [restartedMain] com.netflix.discovery.DiscoveryClient    : Saw local status change event StatusChangeEvent [timestamp=1738640882225, current=UP, previous=STARTING]
2025-02-04T09:18:02.226+05:30  INFO 7820 --- [teams] [DiscoveryClient-InstanceInfoReplicator-%d] com.netflix.discovery.DiscoveryClient    : DiscoveryClient_TEAMS/LTIN564398.cts.com:teams:8086: registering service...
2025-02-04T09:18:02.254+05:30  INFO 7820 --- [teams] [restartedMain] o.s.b.w.embedded.tomcat.TomcatWebServer  : Tomcat started on port 8086 (http) with context path '/'
2025-02-04T09:18:02.255+05:30  INFO 7820 --- [teams] [restartedMain] .s.c.n.e.s.EurekaAutoServiceRegistration : Updating port to 8086
2025-02-04T09:18:02.264+05:30  INFO 7820 --- [teams] [restartedMain] com.cts.teams.TeamsApplication           : Started TeamsApplication in 12.381 seconds (process running for 13.185)
2025-02-04T09:18:02.304+05:30  INFO 7820 --- [teams] [DiscoveryClient-InstanceInfoReplicator-%d] c.n.d.s.t.d.RedirectingEurekaHttpClient  : Request execution error. endpoint=DefaultEndpoint{ serviceUrl='http://localhost:8761/eureka/}, exception=I/O error on POST request for "http://localhost:8761/eureka/apps/TEAMS": Connect to http://localhost:8761 [localhost/127.0.0.1, localhost/0:0:0:0:0:0:0:1] failed: Connection refused: getsockopt stacktrace=org.springframework.web.client.ResourceAccessException: I/O error on POST request for "http://localhost:8761/eureka/apps/TEAMS": Connect to http://localhost:8761 [localhost/127.0.0.1, localhost/0:0:0:0:0:0:0:1] failed: Connection refused: getsockopt
	at org.springframework.web.client.RestTemplate.createResourceAccessException(RestTemplate.java:926)
	at org.springframework.web.client.RestTemplate.doExecute(RestTemplate.java:906)
	at org.springframework.web.client.RestTemplate.execute(RestTemplate.java:841)
	at org.springframework.web.client.RestTemplate.exchange(RestTemplate.java:702)
	at org.springframework.cloud.netflix.eureka.http.RestTemplateEurekaHttpClient.register(RestTemplateEurekaHttpClient.java:87)
	at com.netflix.discovery.shared.transport.decorator.EurekaHttpClientDecorator$1.execute(EurekaHttpClientDecorator.java:59)
	at com.netflix.discovery.shared.transport.decorator.RedirectingEurekaHttpClient.executeOnNewServer(RedirectingEurekaHttpClient.java:121)
	at com.netflix.discovery.shared.transport.decorator.RedirectingEurekaHttpClient.execute(RedirectingEurekaHttpClient.java:80)
	at com.netflix.discovery.shared.transport.decorator.EurekaHttpClientDecorator.register(EurekaHttpClientDecorator.java:56)
	at com.netflix.discovery.shared.transport.decorator.EurekaHttpClientDecorator$1.execute(EurekaHttpClientDecorator.java:59)
	at com.netflix.discovery.shared.transport.decorator.RetryableEurekaHttpClient.execute(RetryableEurekaHttpClient.java:120)
	at com.netflix.discovery.shared.transport.decorator.EurekaHttpClientDecorator.register(EurekaHttpClientDecorator.java:56)
	at com.netflix.discovery.shared.transport.decorator.EurekaHttpClientDecorator$1.execute(EurekaHttpClientDecorator.java:59)
	at com.netflix.discovery.shared.transport.decorator.SessionedEurekaHttpClient.execute(SessionedEurekaHttpClient.java:76)
	at com.netflix.discovery.shared.transport.decorator.EurekaHttpClientDecorator.register(EurekaHttpClientDecorator.java:56)
	at com.netflix.discovery.DiscoveryClient.register(DiscoveryClient.java:828)
	at com.netflix.discovery.InstanceInfoReplicator.run(InstanceInfoReplicator.java:125)
	at com.netflix.discovery.InstanceInfoReplicator$2.run(InstanceInfoReplicator.java:105)
	at java.base/java.util.concurrent.Executors$RunnableAdapter.call(Executors.java:572)
	at java.base/java.util.concurrent.FutureTask.run(FutureTask.java:317)
	at java.base/java.util.concurrent.ScheduledThreadPoolExecutor$ScheduledFutureTask.run(ScheduledThreadPoolExecutor.java:304)
	at java.base/java.util.concurrent.ThreadPoolExecutor.runWorker(ThreadPoolExecutor.java:1144)
	at java.base/java.util.concurrent.ThreadPoolExecutor$Worker.run(ThreadPoolExecutor.java:642)
	at java.base/java.lang.Thread.run(Thread.java:1583)
Caused by: org.apache.hc.client5.http.HttpHostConnectException: Connect to http://localhost:8761 [localhost/127.0.0.1, localhost/0:0:0:0:0:0:0:1] failed: Connection refused: getsockopt
	at java.base/sun.nio.ch.Net.pollConnect(Native Method)
	at java.base/sun.nio.ch.Net.pollConnectNow(Net.java:682)
	at java.base/sun.nio.ch.NioSocketImpl.timedFinishConnect(NioSocketImpl.java:542)
	at java.base/sun.nio.ch.NioSocketImpl.connect(NioSocketImpl.java:592)
	at java.base/java.net.SocksSocketImpl.connect(SocksSocketImpl.java:327)
	at java.base/java.net.Socket.connect(Socket.java:751)
	at org.apache.hc.client5.http.impl.io.DefaultHttpClientConnectionOperator.connect(DefaultHttpClientConnectionOperator.java:216)
	at org.apache.hc.client5.http.impl.io.PoolingHttpClientConnectionManager.connect(PoolingHttpClientConnectionManager.java:490)
	at org.apache.hc.client5.http.impl.classic.InternalExecRuntime.connectEndpoint(InternalExecRuntime.java:164)
	at org.apache.hc.client5.http.impl.classic.InternalExecRuntime.connectEndpoint(InternalExecRuntime.java:174)
	at org.apache.hc.client5.http.impl.classic.ConnectExec.execute(ConnectExec.java:144)
	at org.apache.hc.client5.http.impl.classic.ExecChainElement.execute(ExecChainElement.java:51)
	at org.apache.hc.client5.http.impl.classic.ProtocolExec.execute(ProtocolExec.java:192)
	at org.apache.hc.client5.http.impl.classic.ExecChainElement.execute(ExecChainElement.java:51)
	at org.apache.hc.client5.http.impl.classic.ContentCompressionExec.execute(ContentCompressionExec.java:150)
	at org.apache.hc.client5.http.impl.classic.ExecChainElement.execute(ExecChainElement.java:51)
	at org.apache.hc.client5.http.impl.classic.HttpRequestRetryExec.execute(HttpRequestRetryExec.java:113)
	at org.apache.hc.client5.http.impl.classic.ExecChainElement.execute(ExecChainElement.java:51)
	at org.apache.hc.client5.http.impl.classic.RedirectExec.execute(RedirectExec.java:110)
	at org.apache.hc.client5.http.impl.classic.ExecChainElement.execute(ExecChainElement.java:51)
	at org.apache.hc.client5.http.impl.classic.InternalHttpClient.doExecute(InternalHttpClient.java:174)
	at org.apache.hc.client5.http.impl.classic.CloseableHttpClient.execute(CloseableHttpClient.java:87)
	at org.apache.hc.client5.http.impl.classic.CloseableHttpClient.execute(CloseableHttpClient.java:55)
	at org.apache.hc.client5.http.classic.HttpClient.executeOpen(HttpClient.java:183)
	at org.springframework.http.client.HttpComponentsClientHttpRequest.executeInternal(HttpComponentsClientHttpRequest.java:99)
	at org.springframework.http.client.AbstractStreamingClientHttpRequest.executeInternal(AbstractStreamingClientHttpRequest.java:71)
	at org.springframework.http.client.AbstractClientHttpRequest.execute(AbstractClientHttpRequest.java:81)
	at org.springframework.http.client.InterceptingClientHttpRequest$InterceptingRequestExecution.execute(InterceptingClientHttpRequest.java:117)
	at org.springframework.cloud.netflix.eureka.http.RestTemplateTransportClientFactory.lambda$restTemplate$3(RestTemplateTransportClientFactory.java:141)
	at org.springframework.http.client.InterceptingClientHttpRequest$InterceptingRequestExecution.execute(InterceptingClientHttpRequest.java:88)
	at org.springframework.http.client.InterceptingClientHttpRequest.executeInternal(InterceptingClientHttpRequest.java:72)
	at org.springframework.http.client.AbstractBufferingClientHttpRequest.executeInternal(AbstractBufferingClientHttpRequest.java:48)
	at org.springframework.http.client.AbstractClientHttpRequest.execute(AbstractClientHttpRequest.java:81)
	at org.springframework.web.client.RestTemplate.doExecute(RestTemplate.java:900)
	... 22 more

2025-02-04T09:18:02.305+05:30  WARN 7820 --- [teams] [DiscoveryClient-InstanceInfoReplicator-%d] c.n.d.s.t.d.RetryableEurekaHttpClient    : Request execution failed with message: I/O error on POST request for "http://localhost:8761/eureka/apps/TEAMS": Connect to http://localhost:8761 [localhost/127.0.0.1, localhost/0:0:0:0:0:0:0:1] failed: Connection refused: getsockopt
2025-02-04T09:18:02.305+05:30  WARN 7820 --- [teams] [DiscoveryClient-InstanceInfoReplicator-%d] com.netflix.discovery.DiscoveryClient    : DiscoveryClient_TEAMS/LTIN564398.cts.com:teams:8086 - registration failed Cannot execute request on any known server

com.netflix.discovery.shared.transport.TransportException: Cannot execute request on any known server
	at com.netflix.discovery.shared.transport.decorator.RetryableEurekaHttpClient.execute(RetryableEurekaHttpClient.java:112) ~[eureka-client-2.0.4.jar:2.0.4]
	at com.netflix.discovery.shared.transport.decorator.EurekaHttpClientDecorator.register(EurekaHttpClientDecorator.java:56) ~[eureka-client-2.0.4.jar:2.0.4]
	at com.netflix.discovery.shared.transport.decorator.EurekaHttpClientDecorator$1.execute(EurekaHttpClientDecorator.java:59) ~[eureka-client-2.0.4.jar:2.0.4]
	at com.netflix.discovery.shared.transport.decorator.SessionedEurekaHttpClient.execute(SessionedEurekaHttpClient.java:76) ~[eureka-client-2.0.4.jar:2.0.4]
	at com.netflix.discovery.shared.transport.decorator.EurekaHttpClientDecorator.register(EurekaHttpClientDecorator.java:56) ~[eureka-client-2.0.4.jar:2.0.4]
	at com.netflix.discovery.DiscoveryClient.register(DiscoveryClient.java:828) ~[eureka-client-2.0.4.jar:2.0.4]
	at com.netflix.discovery.InstanceInfoReplicator.run(InstanceInfoReplicator.java:125) ~[eureka-client-2.0.4.jar:2.0.4]
	at com.netflix.discovery.InstanceInfoReplicator$2.run(InstanceInfoReplicator.java:105) ~[eureka-client-2.0.4.jar:2.0.4]
	at java.base/java.util.concurrent.Executors$RunnableAdapter.call(Executors.java:572) ~[na:na]
	at java.base/java.util.concurrent.FutureTask.run(FutureTask.java:317) ~[na:na]
	at java.base/java.util.concurrent.ScheduledThreadPoolExecutor$ScheduledFutureTask.run(ScheduledThreadPoolExecutor.java:304) ~[na:na]
	at java.base/java.util.concurrent.ThreadPoolExecutor.runWorker(ThreadPoolExecutor.java:1144) ~[na:na]
	at java.base/java.util.concurrent.ThreadPoolExecutor$Worker.run(ThreadPoolExecutor.java:642) ~[na:na]
	at java.base/java.lang.Thread.run(Thread.java:1583) ~[na:na]

2025-02-04T09:18:02.310+05:30  WARN 7820 --- [teams] [DiscoveryClient-InstanceInfoReplicator-%d] c.n.discovery.InstanceInfoReplicator     : There was a problem with the instance info replicator

com.netflix.discovery.shared.transport.TransportException: Cannot execute request on any known server
	at com.netflix.discovery.shared.transport.decorator.RetryableEurekaHttpClient.execute(RetryableEurekaHttpClient.java:112) ~[eureka-client-2.0.4.jar:2.0.4]
	at com.netflix.discovery.shared.transport.decorator.EurekaHttpClientDecorator.register(EurekaHttpClientDecorator.java:56) ~[eureka-client-2.0.4.jar:2.0.4]
	at com.netflix.discovery.shared.transport.decorator.EurekaHttpClientDecorator$1.execute(EurekaHttpClientDecorator.java:59) ~[eureka-client-2.0.4.jar:2.0.4]
	at com.netflix.discovery.shared.transport.decorator.SessionedEurekaHttpClient.execute(SessionedEurekaHttpClient.java:76) ~[eureka-client-2.0.4.jar:2.0.4]
	at com.netflix.discovery.shared.transport.decorator.EurekaHttpClientDecorator.register(EurekaHttpClientDecorator.java:56) ~[eureka-client-2.0.4.jar:2.0.4]
	at com.netflix.discovery.DiscoveryClient.register(DiscoveryClient.java:828) ~[eureka-client-2.0.4.jar:2.0.4]
	at com.netflix.discovery.InstanceInfoReplicator.run(InstanceInfoReplicator.java:125) ~[eureka-client-2.0.4.jar:2.0.4]
	at com.netflix.discovery.InstanceInfoReplicator$2.run(InstanceInfoReplicator.java:105) ~[eureka-client-2.0.4.jar:2.0.4]
	at java.base/java.util.concurrent.Executors$RunnableAdapter.call(Executors.java:572) ~[na:na]
	at java.base/java.util.concurrent.FutureTask.run(FutureTask.java:317) ~[na:na]
	at java.base/java.util.concurrent.ScheduledThreadPoolExecutor$ScheduledFutureTask.run(ScheduledThreadPoolExecutor.java:304) ~[na:na]
	at java.base/java.util.concurrent.ThreadPoolExecutor.runWorker(ThreadPoolExecutor.java:1144) ~[na:na]
	at java.base/java.util.concurrent.ThreadPoolExecutor$Worker.run(ThreadPoolExecutor.java:642) ~[na:na]
	at java.base/java.lang.Thread.run(Thread.java:1583) ~[na:na]

2025-02-04T09:18:32.249+05:30  INFO 7820 --- [teams] [DiscoveryClient-CacheRefreshExecutor-%d] com.netflix.discovery.DiscoveryClient    : Disable delta property : false
2025-02-04T09:18:32.270+05:30  INFO 7820 --- [teams] [DiscoveryClient-CacheRefreshExecutor-%d] com.netflix.discovery.DiscoveryClient    : Single vip registry refresh property : null
2025-02-04T09:18:32.270+05:30  INFO 7820 --- [teams] [DiscoveryClient-CacheRefreshExecutor-%d] com.netflix.discovery.DiscoveryClient    : Force full registry fetch : false
2025-02-04T09:18:32.273+05:30  INFO 7820 --- [teams] [DiscoveryClient-CacheRefreshExecutor-%d] com.netflix.discovery.DiscoveryClient    : Application is null : false
2025-02-04T09:18:32.273+05:30  INFO 7820 --- [teams] [DiscoveryClient-CacheRefreshExecutor-%d] com.netflix.discovery.DiscoveryClient    : Registered Applications size is zero : true
2025-02-04T09:18:32.273+05:30  INFO 7820 --- [teams] [DiscoveryClient-CacheRefreshExecutor-%d] com.netflix.discovery.DiscoveryClient    : Application version is -1: true
2025-02-04T09:18:32.274+05:30  INFO 7820 --- [teams] [DiscoveryClient-CacheRefreshExecutor-%d] com.netflix.discovery.DiscoveryClient    : Getting all instance registry info from the eureka server
2025-02-04T09:18:32.324+05:30  INFO 7820 --- [teams] [DiscoveryClient-InstanceInfoReplicator-%d] com.netflix.discovery.DiscoveryClient    : DiscoveryClient_TEAMS/LTIN564398.cts.com:teams:8086: registering service...
2025-02-04T09:18:32.403+05:30  INFO 7820 --- [teams] [DiscoveryClient-CacheRefreshExecutor-%d] com.netflix.discovery.DiscoveryClient    : The response status is 200
2025-02-04T09:18:32.446+05:30  INFO 7820 --- [teams] [DiscoveryClient-InstanceInfoReplicator-%d] com.netflix.discovery.DiscoveryClient    : DiscoveryClient_TEAMS/LTIN564398.cts.com:teams:8086 - registration status: 204
2025-02-04T09:18:32.446+05:30  INFO 7820 --- [teams] [DiscoveryClient-HeartbeatExecutor-%d] com.netflix.discovery.DiscoveryClient    : DiscoveryClient_TEAMS/LTIN564398.cts.com:teams:8086 - Re-registering apps/TEAMS
2025-02-04T09:18:32.446+05:30  INFO 7820 --- [teams] [DiscoveryClient-HeartbeatExecutor-%d] com.netflix.discovery.DiscoveryClient    : DiscoveryClient_TEAMS/LTIN564398.cts.com:teams:8086: registering service...
2025-02-04T09:18:32.453+05:30  INFO 7820 --- [teams] [DiscoveryClient-HeartbeatExecutor-%d] com.netflix.discovery.DiscoveryClient    : DiscoveryClient_TEAMS/LTIN564398.cts.com:teams:8086 - registration status: 204
2025-02-04T09:19:02.408+05:30  INFO 7820 --- [teams] [DiscoveryClient-CacheRefreshExecutor-%d] com.netflix.discovery.DiscoveryClient    : Disable delta property : false
2025-02-04T09:19:02.409+05:30  INFO 7820 --- [teams] [DiscoveryClient-CacheRefreshExecutor-%d] com.netflix.discovery.DiscoveryClient    : Single vip registry refresh property : null
2025-02-04T09:19:02.409+05:30  INFO 7820 --- [teams] [DiscoveryClient-CacheRefreshExecutor-%d] com.netflix.discovery.DiscoveryClient    : Force full registry fetch : false
2025-02-04T09:19:02.410+05:30  INFO 7820 --- [teams] [DiscoveryClient-CacheRefreshExecutor-%d] com.netflix.discovery.DiscoveryClient    : Application is null : false
2025-02-04T09:19:02.410+05:30  INFO 7820 --- [teams] [DiscoveryClient-CacheRefreshExecutor-%d] com.netflix.discovery.DiscoveryClient    : Registered Applications size is zero : true
2025-02-04T09:19:02.410+05:30  INFO 7820 --- [teams] [DiscoveryClient-CacheRefreshExecutor-%d] com.netflix.discovery.DiscoveryClient    : Application version is -1: false
2025-02-04T09:19:02.410+05:30  INFO 7820 --- [teams] [DiscoveryClient-CacheRefreshExecutor-%d] com.netflix.discovery.DiscoveryClient    : Getting all instance registry info from the eureka server
2025-02-04T09:19:02.438+05:30  INFO 7820 --- [teams] [DiscoveryClient-CacheRefreshExecutor-%d] com.netflix.discovery.DiscoveryClient    : The response status is 200
2025-02-04T09:20:07.555+05:30  INFO 7820 --- [teams] [File Watcher] rtingClassPathChangeChangedEventListener : Restarting due to 1 class path change (0 additions, 0 deletions, 1 modification)
2025-02-04T09:20:07.557+05:30  INFO 7820 --- [teams] [Thread-6] o.s.c.n.e.s.EurekaServiceRegistry        : Unregistering application TEAMS with eureka with status DOWN
2025-02-04T09:20:07.558+05:30  INFO 7820 --- [teams] [Thread-6] com.netflix.discovery.DiscoveryClient    : Saw local status change event StatusChangeEvent [timestamp=1738641007558, current=DOWN, previous=UP]
2025-02-04T09:20:07.558+05:30  INFO 7820 --- [teams] [DiscoveryClient-InstanceInfoReplicator-%d] com.netflix.discovery.DiscoveryClient    : DiscoveryClient_TEAMS/LTIN564398.cts.com:teams:8086: registering service...
2025-02-04T09:20:07.560+05:30  INFO 7820 --- [teams] [Thread-6] o.s.b.w.e.tomcat.GracefulShutdown        : Commencing graceful shutdown. Waiting for active requests to complete
2025-02-04T09:20:07.565+05:30  INFO 7820 --- [teams] [tomcat-shutdown] o.s.b.w.e.tomcat.GracefulShutdown        : Graceful shutdown complete
2025-02-04T09:20:07.571+05:30  INFO 7820 --- [teams] [Thread-6] j.LocalContainerEntityManagerFactoryBean : Closing JPA EntityManagerFactory for persistence unit 'default'
2025-02-04T09:20:07.572+05:30  INFO 7820 --- [teams] [DiscoveryClient-InstanceInfoReplicator-%d] com.netflix.discovery.DiscoveryClient    : DiscoveryClient_TEAMS/LTIN564398.cts.com:teams:8086 - registration status: 204
2025-02-04T09:20:07.576+05:30  INFO 7820 --- [teams] [Thread-6] com.zaxxer.hikari.HikariDataSource       : HikariPool-1 - Shutdown initiated...
2025-02-04T09:20:07.592+05:30  INFO 7820 --- [teams] [Thread-6] com.zaxxer.hikari.HikariDataSource       : HikariPool-1 - Shutdown completed.
2025-02-04T09:20:07.593+05:30  INFO 7820 --- [teams] [Thread-6] com.netflix.discovery.DiscoveryClient    : Shutting down DiscoveryClient ...
2025-02-04T09:20:10.605+05:30  INFO 7820 --- [teams] [Thread-6] com.netflix.discovery.DiscoveryClient    : Unregistering ...
2025-02-04T09:20:10.627+05:30  INFO 7820 --- [teams] [Thread-6] com.netflix.discovery.DiscoveryClient    : DiscoveryClient_TEAMS/LTIN564398.cts.com:teams:8086 - deregister  status: 200
2025-02-04T09:20:10.628+05:30  INFO 7820 --- [teams] [Thread-6] com.netflix.discovery.DiscoveryClient    : Completed shut down of DiscoveryClient
2025-02-04T09:20:11.760+05:30  INFO 7820 --- [teams] [restartedMain] com.cts.teams.TeamsApplication           : Starting TeamsApplication using Java 21.0.5 with PID 7820 (C:\Users\2380232\git\repository4\teams\target\classes started by 2380232 in C:\Users\2380232\git\repository4\teams)
2025-02-04T09:20:11.761+05:30  INFO 7820 --- [teams] [restartedMain] com.cts.teams.TeamsApplication           : No active profile set, falling back to 1 default profile: "default"
2025-02-04T09:20:11.762+05:30  INFO 7820 --- [teams] [restartedMain] o.s.c.c.c.ConfigServerConfigDataLoader   : Fetching config from server at : http://localhost:1233
2025-02-04T09:20:11.762+05:30  INFO 7820 --- [teams] [restartedMain] o.s.c.c.c.ConfigServerConfigDataLoader   : Located environment: name=teams, profiles=[default], label=null, version=19552b7ef0c70f11bc79cda7ec3614cba70fefbf, state=
2025-02-04T09:20:11.939+05:30  INFO 7820 --- [teams] [restartedMain] .s.d.r.c.RepositoryConfigurationDelegate : Bootstrapping Spring Data JPA repositories in DEFAULT mode.
2025-02-04T09:20:11.948+05:30  INFO 7820 --- [teams] [restartedMain] .s.d.r.c.RepositoryConfigurationDelegate : Finished Spring Data repository scanning in 7 ms. Found 1 JPA repository interface.
2025-02-04T09:20:12.026+05:30  INFO 7820 --- [teams] [restartedMain] o.s.cloud.context.scope.GenericScope     : BeanFactory id=ebe87096-f1f9-3e78-8458-3e3579abc5a0
2025-02-04T09:20:12.090+05:30  INFO 7820 --- [teams] [restartedMain] o.s.b.w.embedded.tomcat.TomcatWebServer  : Tomcat initialized with port 8086 (http)
2025-02-04T09:20:12.092+05:30  INFO 7820 --- [teams] [restartedMain] o.apache.catalina.core.StandardService   : Starting service [Tomcat]
2025-02-04T09:20:12.092+05:30  INFO 7820 --- [teams] [restartedMain] o.apache.catalina.core.StandardEngine    : Starting Servlet engine: [Apache Tomcat/10.1.34]
2025-02-04T09:20:12.120+05:30  INFO 7820 --- [teams] [restartedMain] o.a.c.c.C.[Tomcat].[localhost].[/]       : Initializing Spring embedded WebApplicationContext
2025-02-04T09:20:12.120+05:30  INFO 7820 --- [teams] [restartedMain] w.s.c.ServletWebServerApplicationContext : Root WebApplicationContext: initialization completed in 358 ms
2025-02-04T09:20:12.149+05:30  INFO 7820 --- [teams] [restartedMain] o.hibernate.jpa.internal.util.LogHelper  : HHH000204: Processing PersistenceUnitInfo [name: default]
2025-02-04T09:20:12.151+05:30  INFO 7820 --- [teams] [restartedMain] o.h.c.internal.RegionFactoryInitiator    : HHH000026: Second-level cache disabled
2025-02-04T09:20:12.158+05:30  INFO 7820 --- [teams] [restartedMain] o.s.o.j.p.SpringPersistenceUnitInfo      : No LoadTimeWeaver setup: ignoring JPA class transformer
2025-02-04T09:20:12.159+05:30  INFO 7820 --- [teams] [restartedMain] com.zaxxer.hikari.HikariDataSource       : HikariPool-2 - Starting...
2025-02-04T09:20:12.173+05:30  INFO 7820 --- [teams] [restartedMain] com.zaxxer.hikari.pool.HikariPool        : HikariPool-2 - Added connection com.mysql.cj.jdbc.ConnectionImpl@7606373a
2025-02-04T09:20:12.173+05:30  INFO 7820 --- [teams] [restartedMain] com.zaxxer.hikari.HikariDataSource       : HikariPool-2 - Start completed.
2025-02-04T09:20:12.175+05:30  INFO 7820 --- [teams] [restartedMain] org.hibernate.orm.connections.pooling    : HHH10001005: Database info:
	Database JDBC URL [Connecting through datasource 'HikariDataSource (HikariPool-2)']
	Database driver: undefined/unknown
	Database version: 8.0.40
	Autocommit mode: undefined/unknown
	Isolation level: undefined/unknown
	Minimum pool size: undefined/unknown
	Maximum pool size: undefined/unknown
2025-02-04T09:20:12.210+05:30  INFO 7820 --- [teams] [restartedMain] o.h.e.t.j.p.i.JtaPlatformInitiator       : HHH000489: No JTA platform available (set 'hibernate.transaction.jta.platform' to enable JTA platform integration)
2025-02-04T09:20:12.260+05:30  INFO 7820 --- [teams] [restartedMain] j.LocalContainerEntityManagerFactoryBean : Initialized JPA EntityManagerFactory for persistence unit 'default'
2025-02-04T09:20:12.338+05:30  WARN 7820 --- [teams] [restartedMain] JpaBaseConfiguration$JpaWebConfiguration : spring.jpa.open-in-view is enabled by default. Therefore, database queries may be performed during view rendering. Explicitly configure spring.jpa.open-in-view to disable this warning
2025-02-04T09:20:12.483+05:30  INFO 7820 --- [teams] [restartedMain] o.s.b.d.a.OptionalLiveReloadServer       : LiveReload server is running on port 35729
2025-02-04T09:20:12.510+05:30  INFO 7820 --- [teams] [restartedMain] DiscoveryClientOptionalArgsConfiguration : Eureka HTTP Client uses RestTemplate.
2025-02-04T09:20:12.524+05:30  WARN 7820 --- [teams] [restartedMain] iguration$LoadBalancerCaffeineWarnLogger : Spring Cloud LoadBalancer is currently working with the default cache. While this cache implementation is useful for development and tests, it's recommended to use Caffeine cache in production.You can switch to using Caffeine cache, by adding it and org.springframework.cache.caffeine.CaffeineCacheManager to the classpath.
2025-02-04T09:20:12.546+05:30  INFO 7820 --- [teams] [restartedMain] o.s.c.n.eureka.InstanceInfoFactory       : Setting initial instance status as: STARTING
2025-02-04T09:20:12.548+05:30  INFO 7820 --- [teams] [restartedMain] com.netflix.discovery.DiscoveryClient    : Initializing Eureka in region us-east-1
2025-02-04T09:20:12.548+05:30  INFO 7820 --- [teams] [restartedMain] c.n.d.s.r.aws.ConfigClusterResolver      : Resolving eureka endpoints via configuration
2025-02-04T09:20:12.548+05:30  INFO 7820 --- [teams] [restartedMain] com.netflix.discovery.DiscoveryClient    : Disable delta property : false
2025-02-04T09:20:12.548+05:30  INFO 7820 --- [teams] [restartedMain] com.netflix.discovery.DiscoveryClient    : Single vip registry refresh property : null
2025-02-04T09:20:12.549+05:30  INFO 7820 --- [teams] [restartedMain] com.netflix.discovery.DiscoveryClient    : Force full registry fetch : false
2025-02-04T09:20:12.549+05:30  INFO 7820 --- [teams] [restartedMain] com.netflix.discovery.DiscoveryClient    : Application is null : false
2025-02-04T09:20:12.549+05:30  INFO 7820 --- [teams] [restartedMain] com.netflix.discovery.DiscoveryClient    : Registered Applications size is zero : true
2025-02-04T09:20:12.549+05:30  INFO 7820 --- [teams] [restartedMain] com.netflix.discovery.DiscoveryClient    : Application version is -1: true
2025-02-04T09:20:12.549+05:30  INFO 7820 --- [teams] [restartedMain] com.netflix.discovery.DiscoveryClient    : Getting all instance registry info from the eureka server
2025-02-04T09:20:12.572+05:30  INFO 7820 --- [teams] [restartedMain] com.netflix.discovery.DiscoveryClient    : The response status is 200
2025-02-04T09:20:12.573+05:30  INFO 7820 --- [teams] [restartedMain] com.netflix.discovery.DiscoveryClient    : Starting heartbeat executor: renew interval is: 30
2025-02-04T09:20:12.573+05:30  INFO 7820 --- [teams] [restartedMain] c.n.discovery.InstanceInfoReplicator     : InstanceInfoReplicator onDemand update allowed rate per min is 4
2025-02-04T09:20:12.574+05:30  INFO 7820 --- [teams] [restartedMain] com.netflix.discovery.DiscoveryClient    : Discovery Client initialized at timestamp 1738641012574 with initial instances count: 2
2025-02-04T09:20:12.575+05:30  INFO 7820 --- [teams] [restartedMain] o.s.c.n.e.s.EurekaServiceRegistry        : Registering application TEAMS with eureka with status UP
2025-02-04T09:20:12.575+05:30  INFO 7820 --- [teams] [restartedMain] com.netflix.discovery.DiscoveryClient    : Saw local status change event StatusChangeEvent [timestamp=1738641012575, current=UP, previous=STARTING]
2025-02-04T09:20:12.576+05:30  INFO 7820 --- [teams] [DiscoveryClient-InstanceInfoReplicator-%d] com.netflix.discovery.DiscoveryClient    : DiscoveryClient_TEAMS/LTIN564398.cts.com:teams:8086: registering service...
2025-02-04T09:20:12.579+05:30  INFO 7820 --- [teams] [restartedMain] o.s.b.w.embedded.tomcat.TomcatWebServer  : Tomcat started on port 8086 (http) with context path '/'
2025-02-04T09:20:12.580+05:30  INFO 7820 --- [teams] [restartedMain] .s.c.n.e.s.EurekaAutoServiceRegistration : Updating port to 8086
2025-02-04T09:20:12.588+05:30  INFO 7820 --- [teams] [DiscoveryClient-InstanceInfoReplicator-%d] com.netflix.discovery.DiscoveryClient    : DiscoveryClient_TEAMS/LTIN564398.cts.com:teams:8086 - registration status: 204
2025-02-04T09:20:12.590+05:30  INFO 7820 --- [teams] [restartedMain] com.cts.teams.TeamsApplication           : Started TeamsApplication in 1.887 seconds (process running for 143.512)
2025-02-04T09:20:12.593+05:30  INFO 7820 --- [teams] [restartedMain] .ConditionEvaluationDeltaLoggingListener : Condition evaluation unchanged
2025-02-04T09:21:11.067+05:30  INFO 7820 --- [teams] [http-nio-8086-exec-1] o.a.c.c.C.[Tomcat].[localhost].[/]       : Initializing Spring DispatcherServlet 'dispatcherServlet'
2025-02-04T09:21:11.068+05:30  INFO 7820 --- [teams] [http-nio-8086-exec-1] o.s.web.servlet.DispatcherServlet        : Initializing Servlet 'dispatcherServlet'
2025-02-04T09:21:11.070+05:30  INFO 7820 --- [teams] [http-nio-8086-exec-1] o.s.web.servlet.DispatcherServlet        : Completed initialization in 2 ms
2025-02-04T09:21:11.128+05:30  INFO 7820 --- [teams] [http-nio-8086-exec-1] com.cts.teams.aop.LoggingAspect          : A method in TeamsService is about to be executed. Method:createTeam , Arguments: [Teams(id=0, empId=114, name=J, email=pamrithna@gmail.com, empDesg=Developer, role=EMPLOYEE, salary=75000, doj=2023-01-15)] 
2025-02-04T09:21:11.315+05:30  INFO 7820 --- [teams] [http-nio-8086-exec-1] com.cts.teams.aop.LoggingAspect          : A method in TeamsService has executed successfully. Method: createTeam , Result: Teams(id=1, empId=114, name=J, email=pamrithna@gmail.com, empDesg=Developer, role=EMPLOYEE, salary=75000, doj=2023-01-15) 
2025-02-04T09:21:48.648+05:30  INFO 7820 --- [teams] [http-nio-8086-exec-2] com.cts.teams.aop.LoggingAspect          : A method in TeamsService is about to be executed. Method:getAllTeams , Arguments: [0, 10, id] 
2025-02-04T09:21:48.866+05:30  INFO 7820 --- [teams] [http-nio-8086-exec-2] com.cts.teams.aop.LoggingAspect          : A method in TeamsService has executed successfully. Method: getAllTeams , Result: Page 1 of 1 containing com.cts.teams.model.Teams instances 
2025-02-04T09:21:48.872+05:30  WARN 7820 --- [teams] [http-nio-8086-exec-2] ration$PageModule$WarningLoggingModifier : Serializing PageImpl instances as-is is not supported, meaning that there is no guarantee about the stability of the resulting JSON structure!
	For a stable JSON structure, please use Spring Data's PagedModel (globally via @EnableSpringDataWebSupport(pageSerializationMode = VIA_DTO))
	or Spring HATEOAS and Spring Data's PagedResourcesAssembler as documented in https://docs.spring.io/spring-data/commons/reference/repositories/core-extensions.html#core.web.pageables.

2025-02-04T09:23:49.439+05:30  INFO 7820 --- [teams] [http-nio-8086-exec-4] com.cts.teams.aop.LoggingAspect          : A method in TeamsService is about to be executed. Method:getTeamById , Arguments: [1] 
2025-02-04T09:23:49.455+05:30  INFO 7820 --- [teams] [http-nio-8086-exec-4] com.cts.teams.aop.LoggingAspect          : A method in TeamsService has executed successfully. Method: getTeamById , Result: Optional[Teams(id=1, empId=114, name=J, email=pamrithna@gmail.com, empDesg=Developer, role=EMPLOYEE, salary=75000.00, doj=2023-01-15)] 
2025-02-04T09:24:59.740+05:30  INFO 7820 --- [teams] [http-nio-8086-exec-6] com.cts.teams.aop.LoggingAspect          : A method in TeamsService is about to be executed. Method:updateTeam , Arguments: [1, Teams(id=1, empId=1, name=J, email=pamrithna@gmail.com, empDesg=Developer, role=EMPLOYEE, salary=75000.00, doj=2023-01-15)] 
2025-02-04T09:24:59.761+05:30  INFO 7820 --- [teams] [http-nio-8086-exec-6] com.cts.teams.aop.LoggingAspect          : A method in TeamsService has executed successfully. Method: updateTeam , Result: Teams(id=1, empId=114, name=J, email=pamrithna@gmail.com, empDesg=Developer, role=EMPLOYEE, salary=75000.00, doj=2023-01-15) 
2025-02-04T09:25:12.559+05:30  INFO 7820 --- [teams] [AsyncResolver-bootstrap-executor-%d] c.n.d.s.r.aws.ConfigClusterResolver      : Resolving eureka endpoints via configuration
2025-02-04T09:25:40.048+05:30  INFO 7820 --- [teams] [http-nio-8086-exec-7] com.cts.teams.aop.LoggingAspect          : A method in TeamsService is about to be executed. Method:deleteTeam , Arguments: [1] 
2025-02-04T09:25:40.074+05:30  INFO 7820 --- [teams] [http-nio-8086-exec-7] com.cts.teams.aop.LoggingAspect          : A method in TeamsService has executed successfully. Method: deleteTeam , Result: null 
2025-02-04T09:25:44.781+05:30  INFO 7820 --- [teams] [http-nio-8086-exec-8] com.cts.teams.aop.LoggingAspect          : A method in TeamsService is about to be executed. Method:createTeam , Arguments: [Teams(id=0, empId=114, name=J, email=pamrithna@gmail.com, empDesg=Developer, role=EMPLOYEE, salary=75000, doj=2023-01-15)] 
2025-02-04T09:25:44.796+05:30  INFO 7820 --- [teams] [http-nio-8086-exec-8] com.cts.teams.aop.LoggingAspect          : A method in TeamsService has executed successfully. Method: createTeam , Result: Teams(id=2, empId=114, name=J, email=pamrithna@gmail.com, empDesg=Developer, role=EMPLOYEE, salary=75000, doj=2023-01-15) 
2025-02-04T09:30:12.569+05:30  INFO 7820 --- [teams] [AsyncResolver-bootstrap-executor-%d] c.n.d.s.r.aws.ConfigClusterResolver      : Resolving eureka endpoints via configuration
2025-02-04T09:35:12.574+05:30  INFO 7820 --- [teams] [AsyncResolver-bootstrap-executor-%d] c.n.d.s.r.aws.ConfigClusterResolver      : Resolving eureka endpoints via configuration
2025-02-04T09:39:32.327+05:30  INFO 7820 --- [teams] [File Watcher] rtingClassPathChangeChangedEventListener : Restarting due to 1 class path change (0 additions, 0 deletions, 1 modification)
2025-02-04T09:39:32.328+05:30  INFO 7820 --- [teams] [Thread-9] o.s.c.n.e.s.EurekaServiceRegistry        : Unregistering application TEAMS with eureka with status DOWN
2025-02-04T09:39:32.328+05:30  INFO 7820 --- [teams] [Thread-9] com.netflix.discovery.DiscoveryClient    : Saw local status change event StatusChangeEvent [timestamp=1738642172328, current=DOWN, previous=UP]
2025-02-04T09:39:32.328+05:30  INFO 7820 --- [teams] [DiscoveryClient-InstanceInfoReplicator-%d] com.netflix.discovery.DiscoveryClient    : DiscoveryClient_TEAMS/LTIN564398.cts.com:teams:8086: registering service...
2025-02-04T09:39:32.329+05:30  INFO 7820 --- [teams] [Thread-9] o.s.b.w.e.tomcat.GracefulShutdown        : Commencing graceful shutdown. Waiting for active requests to complete
2025-02-04T09:39:32.335+05:30  INFO 7820 --- [teams] [tomcat-shutdown] o.s.b.w.e.tomcat.GracefulShutdown        : Graceful shutdown complete
2025-02-04T09:39:32.338+05:30  INFO 7820 --- [teams] [Thread-9] j.LocalContainerEntityManagerFactoryBean : Closing JPA EntityManagerFactory for persistence unit 'default'
2025-02-04T09:39:32.339+05:30  INFO 7820 --- [teams] [Thread-9] com.zaxxer.hikari.HikariDataSource       : HikariPool-2 - Shutdown initiated...
2025-02-04T09:39:32.343+05:30  INFO 7820 --- [teams] [DiscoveryClient-InstanceInfoReplicator-%d] com.netflix.discovery.DiscoveryClient    : DiscoveryClient_TEAMS/LTIN564398.cts.com:teams:8086 - registration status: 204
2025-02-04T09:39:32.348+05:30  INFO 7820 --- [teams] [Thread-9] com.zaxxer.hikari.HikariDataSource       : HikariPool-2 - Shutdown completed.
2025-02-04T09:39:32.349+05:30  INFO 7820 --- [teams] [Thread-9] com.netflix.discovery.DiscoveryClient    : Shutting down DiscoveryClient ...
2025-02-04T09:39:35.361+05:30  INFO 7820 --- [teams] [Thread-9] com.netflix.discovery.DiscoveryClient    : Unregistering ...
2025-02-04T09:39:35.381+05:30  INFO 7820 --- [teams] [Thread-9] com.netflix.discovery.DiscoveryClient    : DiscoveryClient_TEAMS/LTIN564398.cts.com:teams:8086 - deregister  status: 200
2025-02-04T09:39:35.381+05:30  INFO 7820 --- [teams] [Thread-9] com.netflix.discovery.DiscoveryClient    : Completed shut down of DiscoveryClient
2025-02-04T09:39:36.808+05:30  INFO 7820 --- [teams] [restartedMain] com.cts.teams.TeamsApplication           : Starting TeamsApplication using Java 21.0.5 with PID 7820 (C:\Users\2380232\git\repository4\teams\target\classes started by 2380232 in C:\Users\2380232\git\repository4\teams)
2025-02-04T09:39:36.808+05:30  INFO 7820 --- [teams] [restartedMain] com.cts.teams.TeamsApplication           : No active profile set, falling back to 1 default profile: "default"
2025-02-04T09:39:36.809+05:30  INFO 7820 --- [teams] [restartedMain] o.s.c.c.c.ConfigServerConfigDataLoader   : Fetching config from server at : http://localhost:1233
2025-02-04T09:39:36.810+05:30  INFO 7820 --- [teams] [restartedMain] o.s.c.c.c.ConfigServerConfigDataLoader   : Located environment: name=teams, profiles=[default], label=null, version=19552b7ef0c70f11bc79cda7ec3614cba70fefbf, state=
2025-02-04T09:39:37.100+05:30  INFO 7820 --- [teams] [restartedMain] .s.d.r.c.RepositoryConfigurationDelegate : Bootstrapping Spring Data JPA repositories in DEFAULT mode.
2025-02-04T09:39:37.109+05:30  INFO 7820 --- [teams] [restartedMain] .s.d.r.c.RepositoryConfigurationDelegate : Finished Spring Data repository scanning in 7 ms. Found 1 JPA repository interface.
2025-02-04T09:39:37.205+05:30  INFO 7820 --- [teams] [restartedMain] o.s.cloud.context.scope.GenericScope     : BeanFactory id=ebe87096-f1f9-3e78-8458-3e3579abc5a0
2025-02-04T09:39:37.310+05:30  INFO 7820 --- [teams] [restartedMain] o.s.b.w.embedded.tomcat.TomcatWebServer  : Tomcat initialized with port 8086 (http)
2025-02-04T09:39:37.311+05:30  INFO 7820 --- [teams] [restartedMain] o.apache.catalina.core.StandardService   : Starting service [Tomcat]
2025-02-04T09:39:37.312+05:30  INFO 7820 --- [teams] [restartedMain] o.apache.catalina.core.StandardEngine    : Starting Servlet engine: [Apache Tomcat/10.1.34]
2025-02-04T09:39:37.369+05:30  INFO 7820 --- [teams] [restartedMain] o.a.c.c.C.[Tomcat].[localhost].[/]       : Initializing Spring embedded WebApplicationContext
2025-02-04T09:39:37.369+05:30  INFO 7820 --- [teams] [restartedMain] w.s.c.ServletWebServerApplicationContext : Root WebApplicationContext: initialization completed in 559 ms
2025-02-04T09:39:37.405+05:30  INFO 7820 --- [teams] [restartedMain] o.hibernate.jpa.internal.util.LogHelper  : HHH000204: Processing PersistenceUnitInfo [name: default]
2025-02-04T09:39:37.407+05:30  INFO 7820 --- [teams] [restartedMain] o.h.c.internal.RegionFactoryInitiator    : HHH000026: Second-level cache disabled
2025-02-04T09:39:37.418+05:30  INFO 7820 --- [teams] [restartedMain] o.s.o.j.p.SpringPersistenceUnitInfo      : No LoadTimeWeaver setup: ignoring JPA class transformer
2025-02-04T09:39:37.419+05:30  INFO 7820 --- [teams] [restartedMain] com.zaxxer.hikari.HikariDataSource       : HikariPool-3 - Starting...
2025-02-04T09:39:37.436+05:30  INFO 7820 --- [teams] [restartedMain] com.zaxxer.hikari.pool.HikariPool        : HikariPool-3 - Added connection com.mysql.cj.jdbc.ConnectionImpl@1bbde1c1
2025-02-04T09:39:37.436+05:30  INFO 7820 --- [teams] [restartedMain] com.zaxxer.hikari.HikariDataSource       : HikariPool-3 - Start completed.
2025-02-04T09:39:37.438+05:30  INFO 7820 --- [teams] [restartedMain] org.hibernate.orm.connections.pooling    : HHH10001005: Database info:
	Database JDBC URL [Connecting through datasource 'HikariDataSource (HikariPool-3)']
	Database driver: undefined/unknown
	Database version: 8.0.40
	Autocommit mode: undefined/unknown
	Isolation level: undefined/unknown
	Minimum pool size: undefined/unknown
	Maximum pool size: undefined/unknown
2025-02-04T09:39:37.479+05:30  INFO 7820 --- [teams] [restartedMain] o.h.e.t.j.p.i.JtaPlatformInitiator       : HHH000489: No JTA platform available (set 'hibernate.transaction.jta.platform' to enable JTA platform integration)
2025-02-04T09:39:37.544+05:30  INFO 7820 --- [teams] [restartedMain] j.LocalContainerEntityManagerFactoryBean : Initialized JPA EntityManagerFactory for persistence unit 'default'
2025-02-04T09:39:37.631+05:30  WARN 7820 --- [teams] [restartedMain] JpaBaseConfiguration$JpaWebConfiguration : spring.jpa.open-in-view is enabled by default. Therefore, database queries may be performed during view rendering. Explicitly configure spring.jpa.open-in-view to disable this warning
2025-02-04T09:39:37.795+05:30  INFO 7820 --- [teams] [restartedMain] o.s.b.d.a.OptionalLiveReloadServer       : LiveReload server is running on port 35729
2025-02-04T09:39:37.829+05:30  INFO 7820 --- [teams] [restartedMain] DiscoveryClientOptionalArgsConfiguration : Eureka HTTP Client uses RestTemplate.
2025-02-04T09:39:37.845+05:30  WARN 7820 --- [teams] [restartedMain] iguration$LoadBalancerCaffeineWarnLogger : Spring Cloud LoadBalancer is currently working with the default cache. While this cache implementation is useful for development and tests, it's recommended to use Caffeine cache in production.You can switch to using Caffeine cache, by adding it and org.springframework.cache.caffeine.CaffeineCacheManager to the classpath.
2025-02-04T09:39:37.864+05:30  INFO 7820 --- [teams] [restartedMain] o.s.c.n.eureka.InstanceInfoFactory       : Setting initial instance status as: STARTING
2025-02-04T09:39:37.865+05:30  INFO 7820 --- [teams] [restartedMain] com.netflix.discovery.DiscoveryClient    : Initializing Eureka in region us-east-1
2025-02-04T09:39:37.865+05:30  INFO 7820 --- [teams] [restartedMain] c.n.d.s.r.aws.ConfigClusterResolver      : Resolving eureka endpoints via configuration
2025-02-04T09:39:37.865+05:30  INFO 7820 --- [teams] [restartedMain] com.netflix.discovery.DiscoveryClient    : Disable delta property : false
2025-02-04T09:39:37.866+05:30  INFO 7820 --- [teams] [restartedMain] com.netflix.discovery.DiscoveryClient    : Single vip registry refresh property : null
2025-02-04T09:39:37.866+05:30  INFO 7820 --- [teams] [restartedMain] com.netflix.discovery.DiscoveryClient    : Force full registry fetch : false
2025-02-04T09:39:37.866+05:30  INFO 7820 --- [teams] [restartedMain] com.netflix.discovery.DiscoveryClient    : Application is null : false
2025-02-04T09:39:37.866+05:30  INFO 7820 --- [teams] [restartedMain] com.netflix.discovery.DiscoveryClient    : Registered Applications size is zero : true
2025-02-04T09:39:37.866+05:30  INFO 7820 --- [teams] [restartedMain] com.netflix.discovery.DiscoveryClient    : Application version is -1: true
2025-02-04T09:39:37.866+05:30  INFO 7820 --- [teams] [restartedMain] com.netflix.discovery.DiscoveryClient    : Getting all instance registry info from the eureka server
2025-02-04T09:39:37.895+05:30  INFO 7820 --- [teams] [restartedMain] com.netflix.discovery.DiscoveryClient    : The response status is 200
2025-02-04T09:39:37.895+05:30  INFO 7820 --- [teams] [restartedMain] com.netflix.discovery.DiscoveryClient    : Starting heartbeat executor: renew interval is: 30
2025-02-04T09:39:37.896+05:30  INFO 7820 --- [teams] [restartedMain] c.n.discovery.InstanceInfoReplicator     : InstanceInfoReplicator onDemand update allowed rate per min is 4
2025-02-04T09:39:37.896+05:30  INFO 7820 --- [teams] [restartedMain] com.netflix.discovery.DiscoveryClient    : Discovery Client initialized at timestamp 1738642177896 with initial instances count: 2
2025-02-04T09:39:37.898+05:30  INFO 7820 --- [teams] [restartedMain] o.s.c.n.e.s.EurekaServiceRegistry        : Registering application TEAMS with eureka with status UP
2025-02-04T09:39:37.898+05:30  INFO 7820 --- [teams] [restartedMain] com.netflix.discovery.DiscoveryClient    : Saw local status change event StatusChangeEvent [timestamp=1738642177898, current=UP, previous=STARTING]
2025-02-04T09:39:37.898+05:30  INFO 7820 --- [teams] [DiscoveryClient-InstanceInfoReplicator-%d] com.netflix.discovery.DiscoveryClient    : DiscoveryClient_TEAMS/LTIN564398.cts.com:teams:8086: registering service...
2025-02-04T09:39:37.903+05:30  INFO 7820 --- [teams] [restartedMain] o.s.b.w.embedded.tomcat.TomcatWebServer  : Tomcat started on port 8086 (http) with context path '/'
2025-02-04T09:39:37.903+05:30  INFO 7820 --- [teams] [restartedMain] .s.c.n.e.s.EurekaAutoServiceRegistration : Updating port to 8086
2025-02-04T09:39:37.910+05:30  INFO 7820 --- [teams] [DiscoveryClient-InstanceInfoReplicator-%d] com.netflix.discovery.DiscoveryClient    : DiscoveryClient_TEAMS/LTIN564398.cts.com:teams:8086 - registration status: 204
2025-02-04T09:39:37.912+05:30  INFO 7820 --- [teams] [restartedMain] com.cts.teams.TeamsApplication           : Started TeamsApplication in 2.452 seconds (process running for 1308.834)
2025-02-04T09:39:37.914+05:30  INFO 7820 --- [teams] [restartedMain] .ConditionEvaluationDeltaLoggingListener : Condition evaluation unchanged
2025-02-04T09:39:55.592+05:30  INFO 7820 --- [teams] [File Watcher] rtingClassPathChangeChangedEventListener : Restarting due to 1 class path change (0 additions, 0 deletions, 1 modification)
2025-02-04T09:39:55.593+05:30  INFO 7820 --- [teams] [Thread-15] o.s.c.n.e.s.EurekaServiceRegistry        : Unregistering application TEAMS with eureka with status DOWN
2025-02-04T09:39:55.593+05:30  INFO 7820 --- [teams] [Thread-15] com.netflix.discovery.DiscoveryClient    : Saw local status change event StatusChangeEvent [timestamp=1738642195593, current=DOWN, previous=UP]
2025-02-04T09:39:55.593+05:30  INFO 7820 --- [teams] [DiscoveryClient-InstanceInfoReplicator-%d] com.netflix.discovery.DiscoveryClient    : DiscoveryClient_TEAMS/LTIN564398.cts.com:teams:8086: registering service...
2025-02-04T09:39:55.594+05:30  INFO 7820 --- [teams] [Thread-15] o.s.b.w.e.tomcat.GracefulShutdown        : Commencing graceful shutdown. Waiting for active requests to complete
2025-02-04T09:39:55.598+05:30  INFO 7820 --- [teams] [tomcat-shutdown] o.s.b.w.e.tomcat.GracefulShutdown        : Graceful shutdown complete
2025-02-04T09:39:55.600+05:30  INFO 7820 --- [teams] [Thread-15] j.LocalContainerEntityManagerFactoryBean : Closing JPA EntityManagerFactory for persistence unit 'default'
2025-02-04T09:39:55.601+05:30  INFO 7820 --- [teams] [Thread-15] com.zaxxer.hikari.HikariDataSource       : HikariPool-3 - Shutdown initiated...
2025-02-04T09:39:55.606+05:30  INFO 7820 --- [teams] [Thread-15] com.zaxxer.hikari.HikariDataSource       : HikariPool-3 - Shutdown completed.
2025-02-04T09:39:55.606+05:30  INFO 7820 --- [teams] [Thread-15] com.netflix.discovery.DiscoveryClient    : Shutting down DiscoveryClient ...
2025-02-04T09:39:55.609+05:30  INFO 7820 --- [teams] [DiscoveryClient-InstanceInfoReplicator-%d] com.netflix.discovery.DiscoveryClient    : DiscoveryClient_TEAMS/LTIN564398.cts.com:teams:8086 - registration status: 204
2025-02-04T09:39:55.609+05:30  INFO 7820 --- [teams] [Thread-15] com.netflix.discovery.DiscoveryClient    : Unregistering ...
2025-02-04T09:39:55.612+05:30  INFO 7820 --- [teams] [Thread-15] com.netflix.discovery.DiscoveryClient    : DiscoveryClient_TEAMS/LTIN564398.cts.com:teams:8086 - deregister  status: 200
2025-02-04T09:39:55.612+05:30  INFO 7820 --- [teams] [Thread-15] com.netflix.discovery.DiscoveryClient    : Completed shut down of DiscoveryClient
2025-02-04T09:39:56.850+05:30  INFO 7820 --- [teams] [restartedMain] com.cts.teams.TeamsApplication           : Starting TeamsApplication using Java 21.0.5 with PID 7820 (C:\Users\2380232\git\repository4\teams\target\classes started by 2380232 in C:\Users\2380232\git\repository4\teams)
2025-02-04T09:39:56.850+05:30  INFO 7820 --- [teams] [restartedMain] com.cts.teams.TeamsApplication           : No active profile set, falling back to 1 default profile: "default"
2025-02-04T09:39:56.852+05:30  INFO 7820 --- [teams] [restartedMain] o.s.c.c.c.ConfigServerConfigDataLoader   : Fetching config from server at : http://localhost:1233
2025-02-04T09:39:56.852+05:30  INFO 7820 --- [teams] [restartedMain] o.s.c.c.c.ConfigServerConfigDataLoader   : Located environment: name=teams, profiles=[default], label=null, version=19552b7ef0c70f11bc79cda7ec3614cba70fefbf, state=
2025-02-04T09:39:57.055+05:30  INFO 7820 --- [teams] [restartedMain] .s.d.r.c.RepositoryConfigurationDelegate : Bootstrapping Spring Data JPA repositories in DEFAULT mode.
2025-02-04T09:39:57.066+05:30  INFO 7820 --- [teams] [restartedMain] .s.d.r.c.RepositoryConfigurationDelegate : Finished Spring Data repository scanning in 10 ms. Found 1 JPA repository interface.
2025-02-04T09:39:57.132+05:30  INFO 7820 --- [teams] [restartedMain] o.s.cloud.context.scope.GenericScope     : BeanFactory id=ebe87096-f1f9-3e78-8458-3e3579abc5a0
2025-02-04T09:39:57.205+05:30  INFO 7820 --- [teams] [restartedMain] o.s.b.w.embedded.tomcat.TomcatWebServer  : Tomcat initialized with port 8086 (http)
2025-02-04T09:39:57.208+05:30  INFO 7820 --- [teams] [restartedMain] o.apache.catalina.core.StandardService   : Starting service [Tomcat]
2025-02-04T09:39:57.208+05:30  INFO 7820 --- [teams] [restartedMain] o.apache.catalina.core.StandardEngine    : Starting Servlet engine: [Apache Tomcat/10.1.34]
2025-02-04T09:39:57.256+05:30  INFO 7820 --- [teams] [restartedMain] o.a.c.c.C.[Tomcat].[localhost].[/]       : Initializing Spring embedded WebApplicationContext
2025-02-04T09:39:57.257+05:30  INFO 7820 --- [teams] [restartedMain] w.s.c.ServletWebServerApplicationContext : Root WebApplicationContext: initialization completed in 405 ms
2025-02-04T09:39:57.290+05:30  INFO 7820 --- [teams] [restartedMain] o.hibernate.jpa.internal.util.LogHelper  : HHH000204: Processing PersistenceUnitInfo [name: default]
2025-02-04T09:39:57.292+05:30  INFO 7820 --- [teams] [restartedMain] o.h.c.internal.RegionFactoryInitiator    : HHH000026: Second-level cache disabled
2025-02-04T09:39:57.299+05:30  INFO 7820 --- [teams] [restartedMain] o.s.o.j.p.SpringPersistenceUnitInfo      : No LoadTimeWeaver setup: ignoring JPA class transformer
2025-02-04T09:39:57.299+05:30  INFO 7820 --- [teams] [restartedMain] com.zaxxer.hikari.HikariDataSource       : HikariPool-4 - Starting...
2025-02-04T09:39:57.312+05:30  INFO 7820 --- [teams] [restartedMain] com.zaxxer.hikari.pool.HikariPool        : HikariPool-4 - Added connection com.mysql.cj.jdbc.ConnectionImpl@2da8c096
2025-02-04T09:39:57.312+05:30  INFO 7820 --- [teams] [restartedMain] com.zaxxer.hikari.HikariDataSource       : HikariPool-4 - Start completed.
2025-02-04T09:39:57.314+05:30  INFO 7820 --- [teams] [restartedMain] org.hibernate.orm.connections.pooling    : HHH10001005: Database info:
	Database JDBC URL [Connecting through datasource 'HikariDataSource (HikariPool-4)']
	Database driver: undefined/unknown
	Database version: 8.0.40
	Autocommit mode: undefined/unknown
	Isolation level: undefined/unknown
	Minimum pool size: undefined/unknown
	Maximum pool size: undefined/unknown
2025-02-04T09:39:57.352+05:30  INFO 7820 --- [teams] [restartedMain] o.h.e.t.j.p.i.JtaPlatformInitiator       : HHH000489: No JTA platform available (set 'hibernate.transaction.jta.platform' to enable JTA platform integration)
2025-02-04T09:39:57.416+05:30  INFO 7820 --- [teams] [restartedMain] j.LocalContainerEntityManagerFactoryBean : Initialized JPA EntityManagerFactory for persistence unit 'default'
2025-02-04T09:39:57.479+05:30  WARN 7820 --- [teams] [restartedMain] JpaBaseConfiguration$JpaWebConfiguration : spring.jpa.open-in-view is enabled by default. Therefore, database queries may be performed during view rendering. Explicitly configure spring.jpa.open-in-view to disable this warning
2025-02-04T09:39:57.599+05:30  INFO 7820 --- [teams] [restartedMain] o.s.b.d.a.OptionalLiveReloadServer       : LiveReload server is running on port 35729
2025-02-04T09:39:57.634+05:30  INFO 7820 --- [teams] [restartedMain] DiscoveryClientOptionalArgsConfiguration : Eureka HTTP Client uses RestTemplate.
2025-02-04T09:39:57.648+05:30  WARN 7820 --- [teams] [restartedMain] iguration$LoadBalancerCaffeineWarnLogger : Spring Cloud LoadBalancer is currently working with the default cache. While this cache implementation is useful for development and tests, it's recommended to use Caffeine cache in production.You can switch to using Caffeine cache, by adding it and org.springframework.cache.caffeine.CaffeineCacheManager to the classpath.
2025-02-04T09:39:57.677+05:30  INFO 7820 --- [teams] [restartedMain] o.s.c.n.eureka.InstanceInfoFactory       : Setting initial instance status as: STARTING
2025-02-04T09:39:57.678+05:30  INFO 7820 --- [teams] [restartedMain] com.netflix.discovery.DiscoveryClient    : Initializing Eureka in region us-east-1
2025-02-04T09:39:57.679+05:30  INFO 7820 --- [teams] [restartedMain] c.n.d.s.r.aws.ConfigClusterResolver      : Resolving eureka endpoints via configuration
2025-02-04T09:39:57.679+05:30  INFO 7820 --- [teams] [restartedMain] com.netflix.discovery.DiscoveryClient    : Disable delta property : false
2025-02-04T09:39:57.679+05:30  INFO 7820 --- [teams] [restartedMain] com.netflix.discovery.DiscoveryClient    : Single vip registry refresh property : null
2025-02-04T09:39:57.679+05:30  INFO 7820 --- [teams] [restartedMain] com.netflix.discovery.DiscoveryClient    : Force full registry fetch : false
2025-02-04T09:39:57.679+05:30  INFO 7820 --- [teams] [restartedMain] com.netflix.discovery.DiscoveryClient    : Application is null : false
2025-02-04T09:39:57.679+05:30  INFO 7820 --- [teams] [restartedMain] com.netflix.discovery.DiscoveryClient    : Registered Applications size is zero : true
2025-02-04T09:39:57.679+05:30  INFO 7820 --- [teams] [restartedMain] com.netflix.discovery.DiscoveryClient    : Application version is -1: true
2025-02-04T09:39:57.679+05:30  INFO 7820 --- [teams] [restartedMain] com.netflix.discovery.DiscoveryClient    : Getting all instance registry info from the eureka server
2025-02-04T09:39:57.701+05:30  INFO 7820 --- [teams] [restartedMain] com.netflix.discovery.DiscoveryClient    : The response status is 200
2025-02-04T09:39:57.702+05:30  INFO 7820 --- [teams] [restartedMain] com.netflix.discovery.DiscoveryClient    : Starting heartbeat executor: renew interval is: 30
2025-02-04T09:39:57.702+05:30  INFO 7820 --- [teams] [restartedMain] c.n.discovery.InstanceInfoReplicator     : InstanceInfoReplicator onDemand update allowed rate per min is 4
2025-02-04T09:39:57.702+05:30  INFO 7820 --- [teams] [restartedMain] com.netflix.discovery.DiscoveryClient    : Discovery Client initialized at timestamp 1738642197702 with initial instances count: 2
2025-02-04T09:39:57.704+05:30  INFO 7820 --- [teams] [restartedMain] o.s.c.n.e.s.EurekaServiceRegistry        : Registering application TEAMS with eureka with status UP
2025-02-04T09:39:57.705+05:30  INFO 7820 --- [teams] [restartedMain] com.netflix.discovery.DiscoveryClient    : Saw local status change event StatusChangeEvent [timestamp=1738642197705, current=UP, previous=STARTING]
2025-02-04T09:39:57.705+05:30  INFO 7820 --- [teams] [DiscoveryClient-InstanceInfoReplicator-%d] com.netflix.discovery.DiscoveryClient    : DiscoveryClient_TEAMS/LTIN564398.cts.com:teams:8086: registering service...
2025-02-04T09:39:57.709+05:30  INFO 7820 --- [teams] [restartedMain] o.s.b.w.embedded.tomcat.TomcatWebServer  : Tomcat started on port 8086 (http) with context path '/'
2025-02-04T09:39:57.711+05:30  INFO 7820 --- [teams] [restartedMain] .s.c.n.e.s.EurekaAutoServiceRegistration : Updating port to 8086
2025-02-04T09:39:57.718+05:30  INFO 7820 --- [teams] [DiscoveryClient-InstanceInfoReplicator-%d] com.netflix.discovery.DiscoveryClient    : DiscoveryClient_TEAMS/LTIN564398.cts.com:teams:8086 - registration status: 204
2025-02-04T09:39:57.722+05:30  INFO 7820 --- [teams] [restartedMain] com.cts.teams.TeamsApplication           : Started TeamsApplication in 2.062 seconds (process running for 1328.643)
2025-02-04T09:39:57.723+05:30  INFO 7820 --- [teams] [restartedMain] .ConditionEvaluationDeltaLoggingListener : Condition evaluation unchanged
2025-02-04T09:44:57.696+05:30  INFO 7820 --- [teams] [AsyncResolver-bootstrap-executor-%d] c.n.d.s.r.aws.ConfigClusterResolver      : Resolving eureka endpoints via configuration
2025-02-04T09:45:45.655+05:30  INFO 7820 --- [teams] [File Watcher] rtingClassPathChangeChangedEventListener : Restarting due to 1 class path change (0 additions, 0 deletions, 1 modification)
2025-02-04T09:45:45.658+05:30  INFO 7820 --- [teams] [Thread-21] o.s.c.n.e.s.EurekaServiceRegistry        : Unregistering application TEAMS with eureka with status DOWN
2025-02-04T09:45:45.658+05:30  INFO 7820 --- [teams] [Thread-21] com.netflix.discovery.DiscoveryClient    : Saw local status change event StatusChangeEvent [timestamp=1738642545658, current=DOWN, previous=UP]
2025-02-04T09:45:45.659+05:30  INFO 7820 --- [teams] [DiscoveryClient-InstanceInfoReplicator-%d] com.netflix.discovery.DiscoveryClient    : DiscoveryClient_TEAMS/LTIN564398.cts.com:teams:8086: registering service...
2025-02-04T09:45:45.660+05:30  INFO 7820 --- [teams] [Thread-21] o.s.b.w.e.tomcat.GracefulShutdown        : Commencing graceful shutdown. Waiting for active requests to complete
2025-02-04T09:45:45.665+05:30  INFO 7820 --- [teams] [DiscoveryClient-InstanceInfoReplicator-%d] com.netflix.discovery.DiscoveryClient    : DiscoveryClient_TEAMS/LTIN564398.cts.com:teams:8086 - registration status: 204
2025-02-04T09:45:45.665+05:30  INFO 7820 --- [teams] [tomcat-shutdown] o.s.b.w.e.tomcat.GracefulShutdown        : Graceful shutdown complete
2025-02-04T09:45:45.667+05:30  INFO 7820 --- [teams] [Thread-21] j.LocalContainerEntityManagerFactoryBean : Closing JPA EntityManagerFactory for persistence unit 'default'
2025-02-04T09:45:45.668+05:30  INFO 7820 --- [teams] [Thread-21] com.zaxxer.hikari.HikariDataSource       : HikariPool-4 - Shutdown initiated...
2025-02-04T09:45:45.672+05:30  INFO 7820 --- [teams] [Thread-21] com.zaxxer.hikari.HikariDataSource       : HikariPool-4 - Shutdown completed.
2025-02-04T09:45:45.672+05:30  INFO 7820 --- [teams] [Thread-21] com.netflix.discovery.DiscoveryClient    : Shutting down DiscoveryClient ...
2025-02-04T09:45:48.674+05:30  INFO 7820 --- [teams] [Thread-21] com.netflix.discovery.DiscoveryClient    : Unregistering ...
2025-02-04T09:45:48.681+05:30  INFO 7820 --- [teams] [Thread-21] com.netflix.discovery.DiscoveryClient    : DiscoveryClient_TEAMS/LTIN564398.cts.com:teams:8086 - deregister  status: 200
2025-02-04T09:45:48.681+05:30  INFO 7820 --- [teams] [Thread-21] com.netflix.discovery.DiscoveryClient    : Completed shut down of DiscoveryClient
2025-02-04T09:45:50.251+05:30  INFO 7820 --- [teams] [restartedMain] com.cts.teams.TeamsApplication           : Starting TeamsApplication using Java 21.0.5 with PID 7820 (C:\Users\2380232\git\repository4\teams\target\classes started by 2380232 in C:\Users\2380232\git\repository4\teams)
2025-02-04T09:45:50.251+05:30  INFO 7820 --- [teams] [restartedMain] com.cts.teams.TeamsApplication           : No active profile set, falling back to 1 default profile: "default"
2025-02-04T09:45:50.253+05:30  INFO 7820 --- [teams] [restartedMain] o.s.c.c.c.ConfigServerConfigDataLoader   : Fetching config from server at : http://localhost:1233
2025-02-04T09:45:50.253+05:30  INFO 7820 --- [teams] [restartedMain] o.s.c.c.c.ConfigServerConfigDataLoader   : Located environment: name=teams, profiles=[default], label=null, version=19552b7ef0c70f11bc79cda7ec3614cba70fefbf, state=
2025-02-04T09:45:50.427+05:30  INFO 7820 --- [teams] [restartedMain] .s.d.r.c.RepositoryConfigurationDelegate : Bootstrapping Spring Data JPA repositories in DEFAULT mode.
2025-02-04T09:45:50.436+05:30  INFO 7820 --- [teams] [restartedMain] .s.d.r.c.RepositoryConfigurationDelegate : Finished Spring Data repository scanning in 7 ms. Found 1 JPA repository interface.
2025-02-04T09:45:50.493+05:30  INFO 7820 --- [teams] [restartedMain] o.s.cloud.context.scope.GenericScope     : BeanFactory id=ebe87096-f1f9-3e78-8458-3e3579abc5a0
2025-02-04T09:45:50.555+05:30  INFO 7820 --- [teams] [restartedMain] o.s.b.w.embedded.tomcat.TomcatWebServer  : Tomcat initialized with port 8086 (http)
2025-02-04T09:45:50.556+05:30  INFO 7820 --- [teams] [restartedMain] o.apache.catalina.core.StandardService   : Starting service [Tomcat]
2025-02-04T09:45:50.556+05:30  INFO 7820 --- [teams] [restartedMain] o.apache.catalina.core.StandardEngine    : Starting Servlet engine: [Apache Tomcat/10.1.34]
2025-02-04T09:45:50.597+05:30  INFO 7820 --- [teams] [restartedMain] o.a.c.c.C.[Tomcat].[localhost].[/]       : Initializing Spring embedded WebApplicationContext
2025-02-04T09:45:50.598+05:30  INFO 7820 --- [teams] [restartedMain] w.s.c.ServletWebServerApplicationContext : Root WebApplicationContext: initialization completed in 345 ms
2025-02-04T09:45:50.646+05:30  INFO 7820 --- [teams] [restartedMain] o.hibernate.jpa.internal.util.LogHelper  : HHH000204: Processing PersistenceUnitInfo [name: default]
2025-02-04T09:45:50.648+05:30  INFO 7820 --- [teams] [restartedMain] o.h.c.internal.RegionFactoryInitiator    : HHH000026: Second-level cache disabled
2025-02-04T09:45:50.654+05:30  INFO 7820 --- [teams] [restartedMain] o.s.o.j.p.SpringPersistenceUnitInfo      : No LoadTimeWeaver setup: ignoring JPA class transformer
2025-02-04T09:45:50.655+05:30  INFO 7820 --- [teams] [restartedMain] com.zaxxer.hikari.HikariDataSource       : HikariPool-5 - Starting...
2025-02-04T09:45:50.668+05:30  INFO 7820 --- [teams] [restartedMain] com.zaxxer.hikari.pool.HikariPool        : HikariPool-5 - Added connection com.mysql.cj.jdbc.ConnectionImpl@18e24bcd
2025-02-04T09:45:50.668+05:30  INFO 7820 --- [teams] [restartedMain] com.zaxxer.hikari.HikariDataSource       : HikariPool-5 - Start completed.
2025-02-04T09:45:50.670+05:30  INFO 7820 --- [teams] [restartedMain] org.hibernate.orm.connections.pooling    : HHH10001005: Database info:
	Database JDBC URL [Connecting through datasource 'HikariDataSource (HikariPool-5)']
	Database driver: undefined/unknown
	Database version: 8.0.40
	Autocommit mode: undefined/unknown
	Isolation level: undefined/unknown
	Minimum pool size: undefined/unknown
	Maximum pool size: undefined/unknown
2025-02-04T09:45:50.708+05:30  INFO 7820 --- [teams] [restartedMain] o.h.e.t.j.p.i.JtaPlatformInitiator       : HHH000489: No JTA platform available (set 'hibernate.transaction.jta.platform' to enable JTA platform integration)
2025-02-04T09:45:50.766+05:30  INFO 7820 --- [teams] [restartedMain] j.LocalContainerEntityManagerFactoryBean : Initialized JPA EntityManagerFactory for persistence unit 'default'
2025-02-04T09:45:50.834+05:30  WARN 7820 --- [teams] [restartedMain] JpaBaseConfiguration$JpaWebConfiguration : spring.jpa.open-in-view is enabled by default. Therefore, database queries may be performed during view rendering. Explicitly configure spring.jpa.open-in-view to disable this warning
2025-02-04T09:45:50.951+05:30  INFO 7820 --- [teams] [restartedMain] o.s.b.d.a.OptionalLiveReloadServer       : LiveReload server is running on port 35729
2025-02-04T09:45:50.984+05:30  INFO 7820 --- [teams] [restartedMain] DiscoveryClientOptionalArgsConfiguration : Eureka HTTP Client uses RestTemplate.
2025-02-04T09:45:50.998+05:30  WARN 7820 --- [teams] [restartedMain] iguration$LoadBalancerCaffeineWarnLogger : Spring Cloud LoadBalancer is currently working with the default cache. While this cache implementation is useful for development and tests, it's recommended to use Caffeine cache in production.You can switch to using Caffeine cache, by adding it and org.springframework.cache.caffeine.CaffeineCacheManager to the classpath.
2025-02-04T09:45:51.024+05:30  INFO 7820 --- [teams] [restartedMain] o.s.c.n.eureka.InstanceInfoFactory       : Setting initial instance status as: STARTING
2025-02-04T09:45:51.025+05:30  INFO 7820 --- [teams] [restartedMain] com.netflix.discovery.DiscoveryClient    : Initializing Eureka in region us-east-1
2025-02-04T09:45:51.025+05:30  INFO 7820 --- [teams] [restartedMain] c.n.d.s.r.aws.ConfigClusterResolver      : Resolving eureka endpoints via configuration
2025-02-04T09:45:51.026+05:30  INFO 7820 --- [teams] [restartedMain] com.netflix.discovery.DiscoveryClient    : Disable delta property : false
2025-02-04T09:45:51.026+05:30  INFO 7820 --- [teams] [restartedMain] com.netflix.discovery.DiscoveryClient    : Single vip registry refresh property : null
2025-02-04T09:45:51.026+05:30  INFO 7820 --- [teams] [restartedMain] com.netflix.discovery.DiscoveryClient    : Force full registry fetch : false
2025-02-04T09:45:51.026+05:30  INFO 7820 --- [teams] [restartedMain] com.netflix.discovery.DiscoveryClient    : Application is null : false
2025-02-04T09:45:51.026+05:30  INFO 7820 --- [teams] [restartedMain] com.netflix.discovery.DiscoveryClient    : Registered Applications size is zero : true
2025-02-04T09:45:51.026+05:30  INFO 7820 --- [teams] [restartedMain] com.netflix.discovery.DiscoveryClient    : Application version is -1: true
2025-02-04T09:45:51.026+05:30  INFO 7820 --- [teams] [restartedMain] com.netflix.discovery.DiscoveryClient    : Getting all instance registry info from the eureka server
2025-02-04T09:45:51.053+05:30  INFO 7820 --- [teams] [restartedMain] com.netflix.discovery.DiscoveryClient    : The response status is 200
2025-02-04T09:45:51.053+05:30  INFO 7820 --- [teams] [restartedMain] com.netflix.discovery.DiscoveryClient    : Starting heartbeat executor: renew interval is: 30
2025-02-04T09:45:51.054+05:30  INFO 7820 --- [teams] [restartedMain] c.n.discovery.InstanceInfoReplicator     : InstanceInfoReplicator onDemand update allowed rate per min is 4
2025-02-04T09:45:51.054+05:30  INFO 7820 --- [teams] [restartedMain] com.netflix.discovery.DiscoveryClient    : Discovery Client initialized at timestamp 1738642551054 with initial instances count: 2
2025-02-04T09:45:51.055+05:30  INFO 7820 --- [teams] [restartedMain] o.s.c.n.e.s.EurekaServiceRegistry        : Registering application TEAMS with eureka with status UP
2025-02-04T09:45:51.055+05:30  INFO 7820 --- [teams] [restartedMain] com.netflix.discovery.DiscoveryClient    : Saw local status change event StatusChangeEvent [timestamp=1738642551055, current=UP, previous=STARTING]
2025-02-04T09:45:51.056+05:30  INFO 7820 --- [teams] [DiscoveryClient-InstanceInfoReplicator-%d] com.netflix.discovery.DiscoveryClient    : DiscoveryClient_TEAMS/LTIN564398.cts.com:teams:8086: registering service...
2025-02-04T09:45:51.059+05:30  INFO 7820 --- [teams] [restartedMain] o.s.b.w.embedded.tomcat.TomcatWebServer  : Tomcat started on port 8086 (http) with context path '/'
2025-02-04T09:45:51.060+05:30  INFO 7820 --- [teams] [restartedMain] .s.c.n.e.s.EurekaAutoServiceRegistration : Updating port to 8086
2025-02-04T09:45:51.068+05:30  INFO 7820 --- [teams] [DiscoveryClient-InstanceInfoReplicator-%d] com.netflix.discovery.DiscoveryClient    : DiscoveryClient_TEAMS/LTIN564398.cts.com:teams:8086 - registration status: 204
2025-02-04T09:45:51.069+05:30  INFO 7820 --- [teams] [restartedMain] com.cts.teams.TeamsApplication           : Started TeamsApplication in 2.337 seconds (process running for 1681.99)
2025-02-04T09:45:51.071+05:30  INFO 7820 --- [teams] [restartedMain] .ConditionEvaluationDeltaLoggingListener : Condition evaluation unchanged
2025-02-04T09:46:08.357+05:30  INFO 7820 --- [teams] [http-nio-8086-exec-2] o.a.c.c.C.[Tomcat].[localhost].[/]       : Initializing Spring DispatcherServlet 'dispatcherServlet'
2025-02-04T09:46:08.357+05:30  INFO 7820 --- [teams] [http-nio-8086-exec-2] o.s.web.servlet.DispatcherServlet        : Initializing Servlet 'dispatcherServlet'
2025-02-04T09:46:08.358+05:30  INFO 7820 --- [teams] [http-nio-8086-exec-2] o.s.web.servlet.DispatcherServlet        : Completed initialization in 1 ms
2025-02-04T09:46:08.364+05:30  INFO 7820 --- [teams] [http-nio-8086-exec-2] com.cts.teams.aop.LoggingAspect          : A method in TeamsService is about to be executed. Method:createTeam , Arguments: [Teams(id=0, empId=114, name=J, email=pamrithna@gmail.com, empDesg=Developer, role=EMPLOYEE, salary=75000, doj=2023-01-15)] 
2025-02-04T09:46:08.393+05:30  INFO 7820 --- [teams] [http-nio-8086-exec-2] com.cts.teams.aop.LoggingAspect          : A method in TeamsService has executed successfully. Method: createTeam , Result: Teams(id=1, empId=114, name=J, email=pamrithna@gmail.com, empDesg=Developer, role=EMPLOYEE, salary=75000, doj=2023-01-15) 
2025-02-04T09:46:18.960+05:30  INFO 7820 --- [teams] [http-nio-8086-exec-1] com.cts.teams.aop.LoggingAspect          : A method in TeamsService is about to be executed. Method:getAllTeams , Arguments: [0, 10, id] 
2025-02-04T09:46:18.969+05:30  INFO 7820 --- [teams] [http-nio-8086-exec-1] com.cts.teams.aop.LoggingAspect          : A method in TeamsService has executed successfully. Method: getAllTeams , Result: Page 1 of 1 containing com.cts.teams.model.Teams instances 
2025-02-04T09:46:18.971+05:30  WARN 7820 --- [teams] [http-nio-8086-exec-1] ration$PageModule$WarningLoggingModifier : Serializing PageImpl instances as-is is not supported, meaning that there is no guarantee about the stability of the resulting JSON structure!
	For a stable JSON structure, please use Spring Data's PagedModel (globally via @EnableSpringDataWebSupport(pageSerializationMode = VIA_DTO))
	or Spring HATEOAS and Spring Data's PagedResourcesAssembler as documented in https://docs.spring.io/spring-data/commons/reference/repositories/core-extensions.html#core.web.pageables.

2025-02-04T09:50:51.031+05:30  INFO 7820 --- [teams] [AsyncResolver-bootstrap-executor-%d] c.n.d.s.r.aws.ConfigClusterResolver      : Resolving eureka endpoints via configuration
